#
# There is insufficient memory for the Java Runtime Environment to continue.
# Native memory allocation (malloc) failed to allocate 83216 bytes for Chunk::new
# Possible reasons:
#   The system is out of physical RAM or swap space
#   The process is running with CompressedOops enabled, and the Java Heap may be blocking the growth of the native heap
# Possible solutions:
#   Reduce memory load on the system
#   Increase physical memory or swap space
#   Check if swap backing store is full
#   Decrease Java heap size (-Xmx/-Xms)
#   Decrease number of Java threads
#   Decrease Java thread stack sizes (-Xss)
#   Set larger code cache with -XX:ReservedCodeCacheSize=
#   JVM is running with Zero Based Compressed Oops mode in which the Java heap is
#     placed in the first 32GB address space. The Java Heap base address is the
#     maximum limit for the native heap growth. Please use -XX:HeapBaseMinAddress
#     to set the Java Heap base and to place the Java Heap above 32GB virtual address.
# This output file may be truncated or incomplete.
#
#  Out of Memory Error (arena.cpp:189), pid=13420, tid=19428
#
# JRE version: Java(TM) SE Runtime Environment (17.0.12+8) (build 17.0.12+8-LTS-286)
# Java VM: Java HotSpot(TM) 64-Bit Server VM (17.0.12+8-LTS-286, mixed mode, sharing, tiered, compressed oops, compressed class ptrs, g1 gc, windows-amd64)
# No core dump will be written. Minidumps are not enabled by default on client versions of Windows
#

---------------  S U M M A R Y ------------

Command Line: --enable-preview view.Login

Host: Intel(R) Core(TM) i5-8265U CPU @ 1.60GHz, 8 cores, 15G,  Windows 11 , 64 bit Build 26100 (10.0.26100.1542)
Time: Fri Nov 29 04:30:51 2024 SE Asia Standard Time elapsed time: 0.539498 seconds (0d 0h 0m 0s)

---------------  T H R E A D  ---------------

Current thread (0x000001c49f0ea8e0):  JavaThread "C2 CompilerThread1" daemon [_thread_in_native, id=19428, stack(0x0000001c38900000,0x0000001c38a00000)]


Current CompileTask:
C2:    539  610       4       java.lang.String::endsWith (15 bytes)

Stack: [0x0000001c38900000,0x0000001c38a00000]
Native frames: (J=compiled Java code, j=interpreted, Vv=VM code, C=native code)
V  [jvm.dll+0x67a04a]
V  [jvm.dll+0x7da4ed]
V  [jvm.dll+0x7dbe33]
V  [jvm.dll+0x7dc4a3]
V  [jvm.dll+0x24508f]
V  [jvm.dll+0xab773]
V  [jvm.dll+0xabd3c]
V  [jvm.dll+0x2aa52f]
V  [jvm.dll+0x581eb9]
V  [jvm.dll+0x21f422]
V  [jvm.dll+0x21f81f]
V  [jvm.dll+0x218aa0]
V  [jvm.dll+0x215b65]
V  [jvm.dll+0x1a2960]
V  [jvm.dll+0x22610b]
V  [jvm.dll+0x2242ab]
V  [jvm.dll+0x79075c]
V  [jvm.dll+0x78abea]
V  [jvm.dll+0x678f35]
C  [ucrtbase.dll+0x14ea0]
C  [KERNEL32.DLL+0x2dbe7]
C  [ntdll.dll+0x85a6c]


---------------  P R O C E S S  ---------------

Threads class SMR info:
_java_thread_list=0x000001c49f0ea260, length=16, elements={
0x000001c4364a96f0, 0x000001c4599db710, 0x000001c4599de2e0, 0x000001c459b030a0,
0x000001c459b05a70, 0x000001c459b06430, 0x000001c459b06df0, 0x000001c459b07ae0,
0x000001c459b0cbc0, 0x000001c459b18ad0, 0x000001c459c521d0, 0x000001c459c590a0,
0x000001c49f06aa80, 0x000001c49f06b770, 0x000001c49f06bc50, 0x000001c49f0ea8e0
}

Java Threads: ( => current thread )
  0x000001c4364a96f0 JavaThread "main" [_thread_in_vm, id=6784, stack(0x0000001c37300000,0x0000001c37400000)]
  0x000001c4599db710 JavaThread "Reference Handler" daemon [_thread_blocked, id=11388, stack(0x0000001c37a00000,0x0000001c37b00000)]
  0x000001c4599de2e0 JavaThread "Finalizer" daemon [_thread_blocked, id=10872, stack(0x0000001c37b00000,0x0000001c37c00000)]
  0x000001c459b030a0 JavaThread "Signal Dispatcher" daemon [_thread_blocked, id=9908, stack(0x0000001c37c00000,0x0000001c37d00000)]
  0x000001c459b05a70 JavaThread "Attach Listener" daemon [_thread_blocked, id=17460, stack(0x0000001c37d00000,0x0000001c37e00000)]
  0x000001c459b06430 JavaThread "Service Thread" daemon [_thread_blocked, id=2688, stack(0x0000001c37e00000,0x0000001c37f00000)]
  0x000001c459b06df0 JavaThread "Monitor Deflation Thread" daemon [_thread_blocked, id=10660, stack(0x0000001c37f00000,0x0000001c38000000)]
  0x000001c459b07ae0 JavaThread "C2 CompilerThread0" daemon [_thread_blocked, id=14780, stack(0x0000001c38000000,0x0000001c38100000)]
  0x000001c459b0cbc0 JavaThread "C1 CompilerThread0" daemon [_thread_in_native, id=16388, stack(0x0000001c38100000,0x0000001c38200000)]
  0x000001c459b18ad0 JavaThread "Sweeper thread" daemon [_thread_blocked, id=11540, stack(0x0000001c38200000,0x0000001c38300000)]
  0x000001c459c521d0 JavaThread "Notification Thread" daemon [_thread_blocked, id=19348, stack(0x0000001c38300000,0x0000001c38400000)]
  0x000001c459c590a0 JavaThread "Common-Cleaner" daemon [_thread_blocked, id=7612, stack(0x0000001c38500000,0x0000001c38600000)]
  0x000001c49f06aa80 JavaThread "Java2D Disposer" daemon [_thread_blocked, id=9500, stack(0x0000001c38600000,0x0000001c38700000)]
  0x000001c49f06b770 JavaThread "AWT-Shutdown" [_thread_blocked, id=15704, stack(0x0000001c38700000,0x0000001c38800000)]
  0x000001c49f06bc50 JavaThread "AWT-Windows" daemon [_thread_in_native, id=16456, stack(0x0000001c38800000,0x0000001c38900000)]
=>0x000001c49f0ea8e0 JavaThread "C2 CompilerThread1" daemon [_thread_in_native, id=19428, stack(0x0000001c38900000,0x0000001c38a00000)]

Other Threads:
  0x000001c4599d5c60 VMThread "VM Thread" [stack: 0x0000001c37900000,0x0000001c37a00000] [id=18644]
  0x000001c436534760 WatcherThread [stack: 0x0000001c38400000,0x0000001c38500000] [id=6532]
  0x000001c436515d30 GCTaskThread "GC Thread#0" [stack: 0x0000001c37400000,0x0000001c37500000] [id=4628]
  0x000001c436527710 ConcurrentGCThread "G1 Main Marker" [stack: 0x0000001c37500000,0x0000001c37600000] [id=17144]
  0x000001c436529780 ConcurrentGCThread "G1 Conc#0" [stack: 0x0000001c37600000,0x0000001c37700000] [id=12852]
  0x000001c43656e9b0 ConcurrentGCThread "G1 Refine#0" [stack: 0x0000001c37700000,0x0000001c37800000] [id=14324]
  0x000001c459888500 ConcurrentGCThread "G1 Service" [stack: 0x0000001c37800000,0x0000001c37900000] [id=18496]

Threads with active compile tasks:
C2 CompilerThread0      561  649       4       java.lang.String::hashCode (60 bytes)
C1 CompilerThread0      561  644       3       sun.awt.FontConfiguration::needToSearchForFile (128 bytes)
C2 CompilerThread1      561  610       4       java.lang.String::endsWith (15 bytes)

VM state: not at safepoint (normal execution)

VM Mutex/Monitor currently owned by a thread: None

Heap address: 0x0000000702400000, size: 4060 MB, Compressed Oops mode: Zero based, Oop shift amount: 3

CDS archive(s) mapped at: [0x000001c45a000000-0x000001c45abd0000-0x000001c45abd0000), size 12386304, SharedBaseAddress: 0x000001c45a000000, ArchiveRelocationMode: 1.
Compressed class space mapped at: 0x000001c45b000000-0x000001c49b000000, reserved size: 1073741824
Narrow klass base: 0x000001c45a000000, Narrow klass shift: 0, Narrow klass range: 0x100000000

GC Precious Log:
 CPUs: 8 total, 8 available
 Memory: 16235M
 Large Page Support: Disabled
 NUMA Support: Disabled
 Compressed Oops: Enabled (Zero based)
 Heap Region Size: 2M
 Heap Min Capacity: 8M
 Heap Initial Capacity: 254M
 Heap Max Capacity: 4060M
 Pre-touch: Disabled
 Parallel Workers: 8
 Concurrent Workers: 2
 Concurrent Refinement Workers: 8
 Periodic GC: Disabled

Heap:
 garbage-first heap   total 260096K, used 8192K [0x0000000702400000, 0x0000000800000000)
  region size 2048K, 5 young (10240K), 0 survivors (0K)
 Metaspace       used 4512K, committed 4672K, reserved 1114112K
  class space    used 443K, committed 512K, reserved 1048576K

Heap Regions: E=young(eden), S=young(survivor), O=old, HS=humongous(starts), HC=humongous(continues), CS=collection set, F=free, OA=open archive, CA=closed archive, TAMS=top-at-mark-start (previous, next)
|   0|0x0000000702400000, 0x0000000702400000, 0x0000000702600000|  0%| F|  |TAMS 0x0000000702400000, 0x0000000702400000| Untracked 
|   1|0x0000000702600000, 0x0000000702600000, 0x0000000702800000|  0%| F|  |TAMS 0x0000000702600000, 0x0000000702600000| Untracked 
|   2|0x0000000702800000, 0x0000000702800000, 0x0000000702a00000|  0%| F|  |TAMS 0x0000000702800000, 0x0000000702800000| Untracked 
|   3|0x0000000702a00000, 0x0000000702a00000, 0x0000000702c00000|  0%| F|  |TAMS 0x0000000702a00000, 0x0000000702a00000| Untracked 
|   4|0x0000000702c00000, 0x0000000702c00000, 0x0000000702e00000|  0%| F|  |TAMS 0x0000000702c00000, 0x0000000702c00000| Untracked 
|   5|0x0000000702e00000, 0x0000000702e00000, 0x0000000703000000|  0%| F|  |TAMS 0x0000000702e00000, 0x0000000702e00000| Untracked 
|   6|0x0000000703000000, 0x0000000703000000, 0x0000000703200000|  0%| F|  |TAMS 0x0000000703000000, 0x0000000703000000| Untracked 
|   7|0x0000000703200000, 0x0000000703200000, 0x0000000703400000|  0%| F|  |TAMS 0x0000000703200000, 0x0000000703200000| Untracked 
|   8|0x0000000703400000, 0x0000000703400000, 0x0000000703600000|  0%| F|  |TAMS 0x0000000703400000, 0x0000000703400000| Untracked 
|   9|0x0000000703600000, 0x0000000703600000, 0x0000000703800000|  0%| F|  |TAMS 0x0000000703600000, 0x0000000703600000| Untracked 
|  10|0x0000000703800000, 0x0000000703800000, 0x0000000703a00000|  0%| F|  |TAMS 0x0000000703800000, 0x0000000703800000| Untracked 
|  11|0x0000000703a00000, 0x0000000703a00000, 0x0000000703c00000|  0%| F|  |TAMS 0x0000000703a00000, 0x0000000703a00000| Untracked 
|  12|0x0000000703c00000, 0x0000000703c00000, 0x0000000703e00000|  0%| F|  |TAMS 0x0000000703c00000, 0x0000000703c00000| Untracked 
|  13|0x0000000703e00000, 0x0000000703e00000, 0x0000000704000000|  0%| F|  |TAMS 0x0000000703e00000, 0x0000000703e00000| Untracked 
|  14|0x0000000704000000, 0x0000000704000000, 0x0000000704200000|  0%| F|  |TAMS 0x0000000704000000, 0x0000000704000000| Untracked 
|  15|0x0000000704200000, 0x0000000704200000, 0x0000000704400000|  0%| F|  |TAMS 0x0000000704200000, 0x0000000704200000| Untracked 
|  16|0x0000000704400000, 0x0000000704400000, 0x0000000704600000|  0%| F|  |TAMS 0x0000000704400000, 0x0000000704400000| Untracked 
|  17|0x0000000704600000, 0x0000000704600000, 0x0000000704800000|  0%| F|  |TAMS 0x0000000704600000, 0x0000000704600000| Untracked 
|  18|0x0000000704800000, 0x0000000704800000, 0x0000000704a00000|  0%| F|  |TAMS 0x0000000704800000, 0x0000000704800000| Untracked 
|  19|0x0000000704a00000, 0x0000000704a00000, 0x0000000704c00000|  0%| F|  |TAMS 0x0000000704a00000, 0x0000000704a00000| Untracked 
|  20|0x0000000704c00000, 0x0000000704c00000, 0x0000000704e00000|  0%| F|  |TAMS 0x0000000704c00000, 0x0000000704c00000| Untracked 
|  21|0x0000000704e00000, 0x0000000704e00000, 0x0000000705000000|  0%| F|  |TAMS 0x0000000704e00000, 0x0000000704e00000| Untracked 
|  22|0x0000000705000000, 0x0000000705000000, 0x0000000705200000|  0%| F|  |TAMS 0x0000000705000000, 0x0000000705000000| Untracked 
|  23|0x0000000705200000, 0x0000000705200000, 0x0000000705400000|  0%| F|  |TAMS 0x0000000705200000, 0x0000000705200000| Untracked 
|  24|0x0000000705400000, 0x0000000705400000, 0x0000000705600000|  0%| F|  |TAMS 0x0000000705400000, 0x0000000705400000| Untracked 
|  25|0x0000000705600000, 0x0000000705600000, 0x0000000705800000|  0%| F|  |TAMS 0x0000000705600000, 0x0000000705600000| Untracked 
|  26|0x0000000705800000, 0x0000000705800000, 0x0000000705a00000|  0%| F|  |TAMS 0x0000000705800000, 0x0000000705800000| Untracked 
|  27|0x0000000705a00000, 0x0000000705a00000, 0x0000000705c00000|  0%| F|  |TAMS 0x0000000705a00000, 0x0000000705a00000| Untracked 
|  28|0x0000000705c00000, 0x0000000705c00000, 0x0000000705e00000|  0%| F|  |TAMS 0x0000000705c00000, 0x0000000705c00000| Untracked 
|  29|0x0000000705e00000, 0x0000000705e00000, 0x0000000706000000|  0%| F|  |TAMS 0x0000000705e00000, 0x0000000705e00000| Untracked 
|  30|0x0000000706000000, 0x0000000706000000, 0x0000000706200000|  0%| F|  |TAMS 0x0000000706000000, 0x0000000706000000| Untracked 
|  31|0x0000000706200000, 0x0000000706200000, 0x0000000706400000|  0%| F|  |TAMS 0x0000000706200000, 0x0000000706200000| Untracked 
|  32|0x0000000706400000, 0x0000000706400000, 0x0000000706600000|  0%| F|  |TAMS 0x0000000706400000, 0x0000000706400000| Untracked 
|  33|0x0000000706600000, 0x0000000706600000, 0x0000000706800000|  0%| F|  |TAMS 0x0000000706600000, 0x0000000706600000| Untracked 
|  34|0x0000000706800000, 0x0000000706800000, 0x0000000706a00000|  0%| F|  |TAMS 0x0000000706800000, 0x0000000706800000| Untracked 
|  35|0x0000000706a00000, 0x0000000706a00000, 0x0000000706c00000|  0%| F|  |TAMS 0x0000000706a00000, 0x0000000706a00000| Untracked 
|  36|0x0000000706c00000, 0x0000000706c00000, 0x0000000706e00000|  0%| F|  |TAMS 0x0000000706c00000, 0x0000000706c00000| Untracked 
|  37|0x0000000706e00000, 0x0000000706e00000, 0x0000000707000000|  0%| F|  |TAMS 0x0000000706e00000, 0x0000000706e00000| Untracked 
|  38|0x0000000707000000, 0x0000000707000000, 0x0000000707200000|  0%| F|  |TAMS 0x0000000707000000, 0x0000000707000000| Untracked 
|  39|0x0000000707200000, 0x0000000707200000, 0x0000000707400000|  0%| F|  |TAMS 0x0000000707200000, 0x0000000707200000| Untracked 
|  40|0x0000000707400000, 0x0000000707400000, 0x0000000707600000|  0%| F|  |TAMS 0x0000000707400000, 0x0000000707400000| Untracked 
|  41|0x0000000707600000, 0x0000000707600000, 0x0000000707800000|  0%| F|  |TAMS 0x0000000707600000, 0x0000000707600000| Untracked 
|  42|0x0000000707800000, 0x0000000707800000, 0x0000000707a00000|  0%| F|  |TAMS 0x0000000707800000, 0x0000000707800000| Untracked 
|  43|0x0000000707a00000, 0x0000000707a00000, 0x0000000707c00000|  0%| F|  |TAMS 0x0000000707a00000, 0x0000000707a00000| Untracked 
|  44|0x0000000707c00000, 0x0000000707c00000, 0x0000000707e00000|  0%| F|  |TAMS 0x0000000707c00000, 0x0000000707c00000| Untracked 
|  45|0x0000000707e00000, 0x0000000707e00000, 0x0000000708000000|  0%| F|  |TAMS 0x0000000707e00000, 0x0000000707e00000| Untracked 
|  46|0x0000000708000000, 0x0000000708000000, 0x0000000708200000|  0%| F|  |TAMS 0x0000000708000000, 0x0000000708000000| Untracked 
|  47|0x0000000708200000, 0x0000000708200000, 0x0000000708400000|  0%| F|  |TAMS 0x0000000708200000, 0x0000000708200000| Untracked 
|  48|0x0000000708400000, 0x0000000708400000, 0x0000000708600000|  0%| F|  |TAMS 0x0000000708400000, 0x0000000708400000| Untracked 
|  49|0x0000000708600000, 0x0000000708600000, 0x0000000708800000|  0%| F|  |TAMS 0x0000000708600000, 0x0000000708600000| Untracked 
|  50|0x0000000708800000, 0x0000000708800000, 0x0000000708a00000|  0%| F|  |TAMS 0x0000000708800000, 0x0000000708800000| Untracked 
|  51|0x0000000708a00000, 0x0000000708a00000, 0x0000000708c00000|  0%| F|  |TAMS 0x0000000708a00000, 0x0000000708a00000| Untracked 
|  52|0x0000000708c00000, 0x0000000708c00000, 0x0000000708e00000|  0%| F|  |TAMS 0x0000000708c00000, 0x0000000708c00000| Untracked 
|  53|0x0000000708e00000, 0x0000000708e00000, 0x0000000709000000|  0%| F|  |TAMS 0x0000000708e00000, 0x0000000708e00000| Untracked 
|  54|0x0000000709000000, 0x0000000709000000, 0x0000000709200000|  0%| F|  |TAMS 0x0000000709000000, 0x0000000709000000| Untracked 
|  55|0x0000000709200000, 0x0000000709200000, 0x0000000709400000|  0%| F|  |TAMS 0x0000000709200000, 0x0000000709200000| Untracked 
|  56|0x0000000709400000, 0x0000000709400000, 0x0000000709600000|  0%| F|  |TAMS 0x0000000709400000, 0x0000000709400000| Untracked 
|  57|0x0000000709600000, 0x0000000709600000, 0x0000000709800000|  0%| F|  |TAMS 0x0000000709600000, 0x0000000709600000| Untracked 
|  58|0x0000000709800000, 0x0000000709800000, 0x0000000709a00000|  0%| F|  |TAMS 0x0000000709800000, 0x0000000709800000| Untracked 
|  59|0x0000000709a00000, 0x0000000709a00000, 0x0000000709c00000|  0%| F|  |TAMS 0x0000000709a00000, 0x0000000709a00000| Untracked 
|  60|0x0000000709c00000, 0x0000000709c00000, 0x0000000709e00000|  0%| F|  |TAMS 0x0000000709c00000, 0x0000000709c00000| Untracked 
|  61|0x0000000709e00000, 0x0000000709e00000, 0x000000070a000000|  0%| F|  |TAMS 0x0000000709e00000, 0x0000000709e00000| Untracked 
|  62|0x000000070a000000, 0x000000070a000000, 0x000000070a200000|  0%| F|  |TAMS 0x000000070a000000, 0x000000070a000000| Untracked 
|  63|0x000000070a200000, 0x000000070a200000, 0x000000070a400000|  0%| F|  |TAMS 0x000000070a200000, 0x000000070a200000| Untracked 
|  64|0x000000070a400000, 0x000000070a400000, 0x000000070a600000|  0%| F|  |TAMS 0x000000070a400000, 0x000000070a400000| Untracked 
|  65|0x000000070a600000, 0x000000070a600000, 0x000000070a800000|  0%| F|  |TAMS 0x000000070a600000, 0x000000070a600000| Untracked 
|  66|0x000000070a800000, 0x000000070a800000, 0x000000070aa00000|  0%| F|  |TAMS 0x000000070a800000, 0x000000070a800000| Untracked 
|  67|0x000000070aa00000, 0x000000070aa00000, 0x000000070ac00000|  0%| F|  |TAMS 0x000000070aa00000, 0x000000070aa00000| Untracked 
|  68|0x000000070ac00000, 0x000000070ac00000, 0x000000070ae00000|  0%| F|  |TAMS 0x000000070ac00000, 0x000000070ac00000| Untracked 
|  69|0x000000070ae00000, 0x000000070ae00000, 0x000000070b000000|  0%| F|  |TAMS 0x000000070ae00000, 0x000000070ae00000| Untracked 
|  70|0x000000070b000000, 0x000000070b000000, 0x000000070b200000|  0%| F|  |TAMS 0x000000070b000000, 0x000000070b000000| Untracked 
|  71|0x000000070b200000, 0x000000070b200000, 0x000000070b400000|  0%| F|  |TAMS 0x000000070b200000, 0x000000070b200000| Untracked 
|  72|0x000000070b400000, 0x000000070b400000, 0x000000070b600000|  0%| F|  |TAMS 0x000000070b400000, 0x000000070b400000| Untracked 
|  73|0x000000070b600000, 0x000000070b600000, 0x000000070b800000|  0%| F|  |TAMS 0x000000070b600000, 0x000000070b600000| Untracked 
|  74|0x000000070b800000, 0x000000070b800000, 0x000000070ba00000|  0%| F|  |TAMS 0x000000070b800000, 0x000000070b800000| Untracked 
|  75|0x000000070ba00000, 0x000000070ba00000, 0x000000070bc00000|  0%| F|  |TAMS 0x000000070ba00000, 0x000000070ba00000| Untracked 
|  76|0x000000070bc00000, 0x000000070bc00000, 0x000000070be00000|  0%| F|  |TAMS 0x000000070bc00000, 0x000000070bc00000| Untracked 
|  77|0x000000070be00000, 0x000000070be00000, 0x000000070c000000|  0%| F|  |TAMS 0x000000070be00000, 0x000000070be00000| Untracked 
|  78|0x000000070c000000, 0x000000070c000000, 0x000000070c200000|  0%| F|  |TAMS 0x000000070c000000, 0x000000070c000000| Untracked 
|  79|0x000000070c200000, 0x000000070c200000, 0x000000070c400000|  0%| F|  |TAMS 0x000000070c200000, 0x000000070c200000| Untracked 
|  80|0x000000070c400000, 0x000000070c400000, 0x000000070c600000|  0%| F|  |TAMS 0x000000070c400000, 0x000000070c400000| Untracked 
|  81|0x000000070c600000, 0x000000070c600000, 0x000000070c800000|  0%| F|  |TAMS 0x000000070c600000, 0x000000070c600000| Untracked 
|  82|0x000000070c800000, 0x000000070c800000, 0x000000070ca00000|  0%| F|  |TAMS 0x000000070c800000, 0x000000070c800000| Untracked 
|  83|0x000000070ca00000, 0x000000070ca00000, 0x000000070cc00000|  0%| F|  |TAMS 0x000000070ca00000, 0x000000070ca00000| Untracked 
|  84|0x000000070cc00000, 0x000000070cc00000, 0x000000070ce00000|  0%| F|  |TAMS 0x000000070cc00000, 0x000000070cc00000| Untracked 
|  85|0x000000070ce00000, 0x000000070ce00000, 0x000000070d000000|  0%| F|  |TAMS 0x000000070ce00000, 0x000000070ce00000| Untracked 
|  86|0x000000070d000000, 0x000000070d000000, 0x000000070d200000|  0%| F|  |TAMS 0x000000070d000000, 0x000000070d000000| Untracked 
|  87|0x000000070d200000, 0x000000070d200000, 0x000000070d400000|  0%| F|  |TAMS 0x000000070d200000, 0x000000070d200000| Untracked 
|  88|0x000000070d400000, 0x000000070d400000, 0x000000070d600000|  0%| F|  |TAMS 0x000000070d400000, 0x000000070d400000| Untracked 
|  89|0x000000070d600000, 0x000000070d600000, 0x000000070d800000|  0%| F|  |TAMS 0x000000070d600000, 0x000000070d600000| Untracked 
|  90|0x000000070d800000, 0x000000070d800000, 0x000000070da00000|  0%| F|  |TAMS 0x000000070d800000, 0x000000070d800000| Untracked 
|  91|0x000000070da00000, 0x000000070da00000, 0x000000070dc00000|  0%| F|  |TAMS 0x000000070da00000, 0x000000070da00000| Untracked 
|  92|0x000000070dc00000, 0x000000070dc00000, 0x000000070de00000|  0%| F|  |TAMS 0x000000070dc00000, 0x000000070dc00000| Untracked 
|  93|0x000000070de00000, 0x000000070de00000, 0x000000070e000000|  0%| F|  |TAMS 0x000000070de00000, 0x000000070de00000| Untracked 
|  94|0x000000070e000000, 0x000000070e000000, 0x000000070e200000|  0%| F|  |TAMS 0x000000070e000000, 0x000000070e000000| Untracked 
|  95|0x000000070e200000, 0x000000070e200000, 0x000000070e400000|  0%| F|  |TAMS 0x000000070e200000, 0x000000070e200000| Untracked 
|  96|0x000000070e400000, 0x000000070e400000, 0x000000070e600000|  0%| F|  |TAMS 0x000000070e400000, 0x000000070e400000| Untracked 
|  97|0x000000070e600000, 0x000000070e600000, 0x000000070e800000|  0%| F|  |TAMS 0x000000070e600000, 0x000000070e600000| Untracked 
|  98|0x000000070e800000, 0x000000070e800000, 0x000000070ea00000|  0%| F|  |TAMS 0x000000070e800000, 0x000000070e800000| Untracked 
|  99|0x000000070ea00000, 0x000000070ea00000, 0x000000070ec00000|  0%| F|  |TAMS 0x000000070ea00000, 0x000000070ea00000| Untracked 
| 100|0x000000070ec00000, 0x000000070ec00000, 0x000000070ee00000|  0%| F|  |TAMS 0x000000070ec00000, 0x000000070ec00000| Untracked 
| 101|0x000000070ee00000, 0x000000070ee00000, 0x000000070f000000|  0%| F|  |TAMS 0x000000070ee00000, 0x000000070ee00000| Untracked 
| 102|0x000000070f000000, 0x000000070f000000, 0x000000070f200000|  0%| F|  |TAMS 0x000000070f000000, 0x000000070f000000| Untracked 
| 103|0x000000070f200000, 0x000000070f200000, 0x000000070f400000|  0%| F|  |TAMS 0x000000070f200000, 0x000000070f200000| Untracked 
| 104|0x000000070f400000, 0x000000070f400000, 0x000000070f600000|  0%| F|  |TAMS 0x000000070f400000, 0x000000070f400000| Untracked 
| 105|0x000000070f600000, 0x000000070f600000, 0x000000070f800000|  0%| F|  |TAMS 0x000000070f600000, 0x000000070f600000| Untracked 
| 106|0x000000070f800000, 0x000000070f800000, 0x000000070fa00000|  0%| F|  |TAMS 0x000000070f800000, 0x000000070f800000| Untracked 
| 107|0x000000070fa00000, 0x000000070fa00000, 0x000000070fc00000|  0%| F|  |TAMS 0x000000070fa00000, 0x000000070fa00000| Untracked 
| 108|0x000000070fc00000, 0x000000070fc00000, 0x000000070fe00000|  0%| F|  |TAMS 0x000000070fc00000, 0x000000070fc00000| Untracked 
| 109|0x000000070fe00000, 0x000000070fe00000, 0x0000000710000000|  0%| F|  |TAMS 0x000000070fe00000, 0x000000070fe00000| Untracked 
| 110|0x0000000710000000, 0x0000000710000000, 0x0000000710200000|  0%| F|  |TAMS 0x0000000710000000, 0x0000000710000000| Untracked 
| 111|0x0000000710200000, 0x0000000710200000, 0x0000000710400000|  0%| F|  |TAMS 0x0000000710200000, 0x0000000710200000| Untracked 
| 112|0x0000000710400000, 0x0000000710400000, 0x0000000710600000|  0%| F|  |TAMS 0x0000000710400000, 0x0000000710400000| Untracked 
| 113|0x0000000710600000, 0x0000000710600000, 0x0000000710800000|  0%| F|  |TAMS 0x0000000710600000, 0x0000000710600000| Untracked 
| 114|0x0000000710800000, 0x0000000710800000, 0x0000000710a00000|  0%| F|  |TAMS 0x0000000710800000, 0x0000000710800000| Untracked 
| 115|0x0000000710a00000, 0x0000000710a00000, 0x0000000710c00000|  0%| F|  |TAMS 0x0000000710a00000, 0x0000000710a00000| Untracked 
| 116|0x0000000710c00000, 0x0000000710c00000, 0x0000000710e00000|  0%| F|  |TAMS 0x0000000710c00000, 0x0000000710c00000| Untracked 
| 117|0x0000000710e00000, 0x0000000710e00000, 0x0000000711000000|  0%| F|  |TAMS 0x0000000710e00000, 0x0000000710e00000| Untracked 
| 118|0x0000000711000000, 0x0000000711000000, 0x0000000711200000|  0%| F|  |TAMS 0x0000000711000000, 0x0000000711000000| Untracked 
| 119|0x0000000711200000, 0x0000000711200000, 0x0000000711400000|  0%| F|  |TAMS 0x0000000711200000, 0x0000000711200000| Untracked 
| 120|0x0000000711400000, 0x0000000711400000, 0x0000000711600000|  0%| F|  |TAMS 0x0000000711400000, 0x0000000711400000| Untracked 
| 121|0x0000000711600000, 0x0000000711600000, 0x0000000711800000|  0%| F|  |TAMS 0x0000000711600000, 0x0000000711600000| Untracked 
| 122|0x0000000711800000, 0x00000007118e1cf8, 0x0000000711a00000| 44%| E|  |TAMS 0x0000000711800000, 0x0000000711800000| Complete 
| 123|0x0000000711a00000, 0x0000000711c00000, 0x0000000711c00000|100%| E|CS|TAMS 0x0000000711a00000, 0x0000000711a00000| Complete 
| 124|0x0000000711c00000, 0x0000000711e00000, 0x0000000711e00000|100%| E|CS|TAMS 0x0000000711c00000, 0x0000000711c00000| Complete 
| 125|0x0000000711e00000, 0x0000000712000000, 0x0000000712000000|100%| E|CS|TAMS 0x0000000711e00000, 0x0000000711e00000| Complete 
| 126|0x0000000712000000, 0x0000000712200000, 0x0000000712200000|100%| E|CS|TAMS 0x0000000712000000, 0x0000000712000000| Complete 

Card table byte_map: [0x000001c44e020000,0x000001c44e810000] _byte_map_base: 0x000001c44a80e000

Marking Bits (Prev, Next): (CMBitMap*) 0x000001c436516350, (CMBitMap*) 0x000001c436516390
 Prev Bits: [0x000001c44f000000, 0x000001c452f70000)
 Next Bits: [0x000001c452f70000, 0x000001c456ee0000)

Polling page: 0x000001c436570000

Metaspace:

Usage:
  Non-class:      4.02 MB used.
      Class:    453.06 KB used.
       Both:      4.47 MB used.

Virtual space:
  Non-class space:       64.00 MB reserved,       4.12 MB (  6%) committed,  1 nodes.
      Class space:        1.00 GB reserved,     512.00 KB ( <1%) committed,  1 nodes.
             Both:        1.06 GB reserved,       4.62 MB ( <1%) committed. 

Chunk freelists:
   Non-Class:  11.58 MB
       Class:  15.51 MB
        Both:  27.09 MB

MaxMetaspaceSize: unlimited
CompressedClassSpaceSize: 1.00 GB
Initial GC threshold: 21.00 MB
Current GC threshold: 21.00 MB
CDS: on
MetaspaceReclaimPolicy: balanced
 - commit_granule_bytes: 65536.
 - commit_granule_words: 8192.
 - virtual_space_node_default_size: 8388608.
 - enlarge_chunks_in_place: 1.
 - new_chunks_are_fully_committed: 0.
 - uncommit_free_chunks: 1.
 - use_allocation_guard: 0.
 - handle_deallocations: 1.


Internal statistics:

num_allocs_failed_limit: 0.
num_arena_births: 106.
num_arena_deaths: 0.
num_vsnodes_births: 2.
num_vsnodes_deaths: 0.
num_space_committed: 74.
num_space_uncommitted: 0.
num_chunks_returned_to_freelist: 0.
num_chunks_taken_from_freelist: 149.
num_chunk_merges: 0.
num_chunk_splits: 91.
num_chunks_enlarged: 44.
num_inconsistent_stats: 0.

CodeHeap 'non-profiled nmethods': size=120000Kb used=190Kb max_used=190Kb free=119809Kb
 bounds [0x000001c4458a0000, 0x000001c445b10000, 0x000001c44cdd0000]
CodeHeap 'profiled nmethods': size=120000Kb used=1063Kb max_used=1063Kb free=118936Kb
 bounds [0x000001c43ddd0000, 0x000001c43e040000, 0x000001c445300000]
CodeHeap 'non-nmethods': size=5760Kb used=1196Kb max_used=1208Kb free=4563Kb
 bounds [0x000001c445300000, 0x000001c445570000, 0x000001c4458a0000]
 total_blobs=1151 nmethods=651 adapters=413
 compilation: enabled
              stopped_count=0, restarted_count=0
 full_count=0

Compilation events (20 events):
Event: 0.516 Thread 0x000001c459b0cbc0 nmethod 590 0x000001c43deae910 code [0x000001c43deaeae0, 0x000001c43deaf088]
Event: 0.516 Thread 0x000001c459b0cbc0  591       3       com.formdev.flatlaf.UIDefaultsLoader::parseColorOrFunction (20 bytes)
Event: 0.517 Thread 0x000001c459b0cbc0 nmethod 591 0x000001c43deaf210 code [0x000001c43deaf400, 0x000001c43deaf868]
Event: 0.517 Thread 0x000001c459b0cbc0  594       3       java.lang.Math::min (46 bytes)
Event: 0.517 Thread 0x000001c459b0cbc0 nmethod 594 0x000001c43deafa90 code [0x000001c43deafc40, 0x000001c43deaff98]
Event: 0.517 Thread 0x000001c459b0cbc0  596   !   3       com.formdev.flatlaf.UIDefaultsLoader::parseValue (1702 bytes)
Event: 0.520 Thread 0x000001c459b07ae0 nmethod 526 0x000001c4458c9590 code [0x000001c4458c97a0, 0x000001c4458ca6f0]
Event: 0.520 Thread 0x000001c459b07ae0  531       4       jdk.internal.jimage.ImageStringsReader::unmaskedHashCode (166 bytes)
Event: 0.524 Thread 0x000001c49f0ea8e0 nmethod 572 0x000001c4458cbb10 code [0x000001c4458cbca0, 0x000001c4458cc0d8]
Event: 0.524 Thread 0x000001c49f0ea8e0  588       4       java.lang.StringLatin1::charAt (28 bytes)
Event: 0.524 Thread 0x000001c459b07ae0 nmethod 531 0x000001c4458cc310 code [0x000001c4458cc4a0, 0x000001c4458cc688]
Event: 0.524 Thread 0x000001c459b07ae0  597       4       java.lang.String::startsWith (7 bytes)
Event: 0.525 Thread 0x000001c49f0ea8e0 nmethod 588 0x000001c4458cc890 code [0x000001c4458cca00, 0x000001c4458cca98]
Event: 0.525 Thread 0x000001c49f0ea8e0  581       4       java.lang.invoke.MethodType::parameterCount (6 bytes)
Event: 0.525 Thread 0x000001c49f0ea8e0 nmethod 581 0x000001c4458ccb90 code [0x000001c4458ccd00, 0x000001c4458ccd98]
Event: 0.525 Thread 0x000001c49f0ea8e0  609       4       java.lang.StringLatin1::newString (24 bytes)
Event: 0.531 Thread 0x000001c49f0ea8e0 nmethod 609 0x000001c4458cce90 code [0x000001c4458cd020, 0x000001c4458cd4d8]
Event: 0.531 Thread 0x000001c49f0ea8e0  610       4       java.lang.String::endsWith (15 bytes)
Event: 0.535 Thread 0x000001c459b07ae0 nmethod 597 0x000001c4458cd690 code [0x000001c4458cd820, 0x000001c4458cdbb8]
Event: 0.535 Thread 0x000001c459b07ae0  612       4       java.util.Arrays::copyOfRange (64 bytes)

GC Heap History (0 events):
No events

Deoptimization events (20 events):
Event: 0.342 Thread 0x000001c4364a96f0 DEOPT PACKING pc=0x000001c43dde45e7 sp=0x0000001c373fc4d0
Event: 0.342 Thread 0x000001c4364a96f0 DEOPT UNPACKING pc=0x000001c445352b43 sp=0x0000001c373fb8f0 mode 0
Event: 0.428 Thread 0x000001c4364a96f0 DEOPT PACKING pc=0x000001c43ddd51d1 sp=0x0000001c373fe170
Event: 0.428 Thread 0x000001c4364a96f0 DEOPT UNPACKING pc=0x000001c445352b43 sp=0x0000001c373fd5e8 mode 0
Event: 0.481 Thread 0x000001c4364a96f0 Uncommon trap: trap_request=0xffffff45 fr.pc=0x000001c4458b5dfc relative=0x000000000000045c
Event: 0.481 Thread 0x000001c4364a96f0 Uncommon trap: reason=unstable_if action=reinterpret pc=0x000001c4458b5dfc method=java.lang.StringLatin1.canEncode(I)Z @ 4 c2
Event: 0.481 Thread 0x000001c4364a96f0 DEOPT PACKING pc=0x000001c4458b5dfc sp=0x0000001c373ff0c0
Event: 0.481 Thread 0x000001c4364a96f0 DEOPT UNPACKING pc=0x000001c4453523a3 sp=0x0000001c373ff030 mode 2
Event: 0.509 Thread 0x000001c4364a96f0 Uncommon trap: trap_request=0xffffff45 fr.pc=0x000001c4458c4b10 relative=0x0000000000000190
Event: 0.509 Thread 0x000001c4364a96f0 Uncommon trap: reason=unstable_if action=reinterpret pc=0x000001c4458c4b10 method=java.lang.String.equals(Ljava/lang/Object;)Z @ 33 c2
Event: 0.509 Thread 0x000001c4364a96f0 DEOPT PACKING pc=0x000001c4458c4b10 sp=0x0000001c373ff240
Event: 0.509 Thread 0x000001c4364a96f0 DEOPT UNPACKING pc=0x000001c4453523a3 sp=0x0000001c373ff1e0 mode 2
Event: 0.509 Thread 0x000001c4364a96f0 Uncommon trap: trap_request=0xffffff45 fr.pc=0x000001c4458aa2b8 relative=0x00000000000001b8
Event: 0.509 Thread 0x000001c4364a96f0 Uncommon trap: reason=unstable_if action=reinterpret pc=0x000001c4458aa2b8 method=java.lang.String.hashCode()I @ 20 c2
Event: 0.510 Thread 0x000001c4364a96f0 DEOPT PACKING pc=0x000001c4458aa2b8 sp=0x0000001c373ff250
Event: 0.510 Thread 0x000001c4364a96f0 DEOPT UNPACKING pc=0x000001c4453523a3 sp=0x0000001c373ff1e8 mode 2
Event: 0.516 Thread 0x000001c4364a96f0 DEOPT PACKING pc=0x000001c43ddd0282 sp=0x0000001c373febf0
Event: 0.516 Thread 0x000001c4364a96f0 DEOPT UNPACKING pc=0x000001c445352b43 sp=0x0000001c373fe068 mode 0
Event: 0.527 Thread 0x000001c4364a96f0 DEOPT PACKING pc=0x000001c43ddd0282 sp=0x0000001c373feea0
Event: 0.527 Thread 0x000001c4364a96f0 DEOPT UNPACKING pc=0x000001c445352b43 sp=0x0000001c373fe318 mode 0

Classes unloaded (0 events):
No events

Classes redefined (0 events):
No events

Internal exceptions (12 events):
Event: 0.268 Thread 0x000001c4364a96f0 Exception <a 'java/lang/ClassNotFoundException'{0x0000000711cb1f50}: sun/awt/resources/spi/awtProvider> (0x0000000711cb1f50) 
thrown [s\open\src\hotspot\share\classfile\systemDictionary.cpp, line 256]
Event: 0.305 Thread 0x000001c4364a96f0 Exception <a 'java/io/FileNotFoundException'{0x0000000711d09f58}> (0x0000000711d09f58) 
thrown [s\open\src\hotspot\share\prims\jni.cpp, line 516]
Event: 0.316 Thread 0x000001c4364a96f0 Exception <a 'java/io/FileNotFoundException'{0x0000000711d36ec0}> (0x0000000711d36ec0) 
thrown [s\open\src\hotspot\share\prims\jni.cpp, line 516]
Event: 0.368 Thread 0x000001c4364a96f0 Exception <a 'java/lang/NoSuchMethodError'{0x0000000711d9d8c8}: 'java.lang.Object java.lang.invoke.DirectMethodHandle$Holder.invokeStaticInit(java.lang.Object)'> (0x0000000711d9d8c8) 
thrown [s\open\src\hotspot\share\interpreter\linkResolver.cpp, line 759]
Event: 0.400 Thread 0x000001c4364a96f0 Exception <a 'java/lang/NoSuchMethodError'{0x0000000711dcd640}: 'void java.lang.invoke.DirectMethodHandle$Holder.invokeSpecial(java.lang.Object, java.lang.Object, java.lang.Object)'> (0x0000000711dcd640) 
thrown [s\open\src\hotspot\share\interpreter\linkResolver.cpp, line 759]
Event: 0.421 Thread 0x000001c4364a96f0 Exception <a 'java/lang/NoSuchMethodError'{0x0000000711a34460}: 'void java.lang.invoke.DirectMethodHandle$Holder.invokeStatic(java.lang.Object, java.lang.Object)'> (0x0000000711a34460) 
thrown [s\open\src\hotspot\share\interpreter\linkResolver.cpp, line 759]
Event: 0.430 Thread 0x000001c4364a96f0 Exception <a 'java/lang/NoSuchMethodError'{0x0000000711a5b120}: 'java.lang.Object java.lang.invoke.DirectMethodHandle$Holder.newInvokeSpecial(java.lang.Object, java.lang.Object, java.lang.Object, java.lang.Object, java.lang.Object)'> (0x0000000711a5b120) 
thrown [s\open\src\hotspot\share\interpreter\linkResolver.cpp, line 759]
Event: 0.434 Thread 0x000001c4364a96f0 Exception <a 'java/lang/NoSuchMethodError'{0x0000000711a66840}: 'java.lang.Object java.lang.invoke.DirectMethodHandle$Holder.invokeStatic(java.lang.Object, int, java.lang.Object, java.lang.Object, java.lang.Object, java.lang.Object)'> (0x0000000711a66840) 
thrown [s\open\src\hotspot\share\interpreter\linkResolver.cpp, line 759]
Event: 0.443 Thread 0x000001c4364a96f0 Exception <a 'java/lang/NoSuchMethodError'{0x0000000711a8c040}: 'java.lang.Object java.lang.invoke.DirectMethodHandle$Holder.invokeStatic(java.lang.Object, int, java.lang.Object)'> (0x0000000711a8c040) 
thrown [s\open\src\hotspot\share\interpreter\linkResolver.cpp, line 759]
Event: 0.462 Thread 0x000001c4364a96f0 Exception <a 'java/lang/ClassNotFoundException'{0x0000000711ad5b50}: com/sun/swing/internal/plaf/basic/resources/spi/basicProvider> (0x0000000711ad5b50) 
thrown [s\open\src\hotspot\share\classfile\systemDictionary.cpp, line 256]
Event: 0.467 Thread 0x000001c4364a96f0 Exception <a 'java/lang/NoSuchMethodError'{0x0000000711af9c88}: 'int java.lang.invoke.DirectMethodHandle$Holder.invokeStatic(java.lang.Object)'> (0x0000000711af9c88) 
thrown [s\open\src\hotspot\share\interpreter\linkResolver.cpp, line 759]
Event: 0.500 Thread 0x000001c4364a96f0 Exception <a 'java/lang/NoSuchMethodError'{0x0000000711bc2180}: 'java.lang.Object java.lang.invoke.DirectMethodHandle$Holder.newInvokeSpecial(java.lang.Object, java.lang.Object, int, java.lang.Object, float)'> (0x0000000711bc2180) 
thrown [s\open\src\hotspot\share\interpreter\linkResolver.cpp, line 759]

VM Operations (4 events):
Event: 0.201 Executing VM operation: HandshakeAllThreads
Event: 0.201 Executing VM operation: HandshakeAllThreads done
Event: 0.457 Executing VM operation: HandshakeAllThreads
Event: 0.458 Executing VM operation: HandshakeAllThreads done

Events (20 events):
Event: 0.531 loading class sun/font/FontManager
Event: 0.531 loading class sun/font/FontManager done
Event: 0.531 loading class sun/font/FontManagerForSGE done
Event: 0.531 loading class sun/font/SunFontManager done
Event: 0.531 loading class sun/awt/Win32FontManager done
Event: 0.531 loading class sun/font/Font2DHandle
Event: 0.532 loading class sun/font/Font2DHandle done
Event: 0.532 loading class sun/font/SunFontManager$TTFilter
Event: 0.532 loading class java/io/FilenameFilter
Event: 0.532 loading class java/io/FilenameFilter done
Event: 0.532 loading class sun/font/SunFontManager$TTFilter done
Event: 0.532 loading class sun/font/SunFontManager$T1Filter
Event: 0.532 loading class sun/font/SunFontManager$T1Filter done
Event: 0.532 loading class sun/font/SunFontManager$1
Event: 0.532 loading class sun/font/SunFontManager$1 done
Event: 0.532 loading class sun/font/FontManagerNativeLibrary
Event: 0.532 loading class sun/font/FontManagerNativeLibrary done
Event: 0.532 loading class sun/font/FontManagerNativeLibrary$1
Event: 0.532 loading class sun/font/FontManagerNativeLibrary$1 done
Event: 0.535 Loaded shared library C:\Program Files\Java\jdk-17\bin\freetype.dll


Dynamic libraries:
0x00007ff68c8c0000 - 0x00007ff68c8d0000 	C:\Program Files\Java\jdk-17\bin\java.exe
0x00007ffcfafc0000 - 0x00007ffcfb223000 	C:\WINDOWS\SYSTEM32\ntdll.dll
0x00007ffcfa230000 - 0x00007ffcfa2f7000 	C:\WINDOWS\System32\KERNEL32.DLL
0x00007ffcf85d0000 - 0x00007ffcf8971000 	C:\WINDOWS\System32\KERNELBASE.dll
0x00007ffcf8480000 - 0x00007ffcf85cb000 	C:\WINDOWS\System32\ucrtbase.dll
0x00007ffcf1710000 - 0x00007ffcf172b000 	C:\Program Files\Java\jdk-17\bin\VCRUNTIME140.dll
0x00007ffce17c0000 - 0x00007ffce17d9000 	C:\Program Files\Java\jdk-17\bin\jli.dll
0x00007ffcfa630000 - 0x00007ffcfa6e2000 	C:\WINDOWS\System32\ADVAPI32.dll
0x00007ffcfa8c0000 - 0x00007ffcfa969000 	C:\WINDOWS\System32\msvcrt.dll
0x00007ffcf92f0000 - 0x00007ffcf9397000 	C:\WINDOWS\System32\sechost.dll
0x00007ffcfa9d0000 - 0x00007ffcfaae6000 	C:\WINDOWS\System32\RPCRT4.dll
0x00007ffcf90c0000 - 0x00007ffcf9283000 	C:\WINDOWS\System32\USER32.dll
0x00007ffcf8cf0000 - 0x00007ffcf8d17000 	C:\WINDOWS\System32\win32u.dll
0x00007ffcf92c0000 - 0x00007ffcf92ea000 	C:\WINDOWS\System32\GDI32.dll
0x00007ffcdcaa0000 - 0x00007ffcdcd30000 	C:\WINDOWS\WinSxS\amd64_microsoft.windows.common-controls_6595b64144ccf1df_6.0.26100.1542_none_3e0a93dee33263f1\COMCTL32.dll
0x00007ffcf8980000 - 0x00007ffcf8aa1000 	C:\WINDOWS\System32\gdi32full.dll
0x00007ffcf83d0000 - 0x00007ffcf8473000 	C:\WINDOWS\System32\msvcp_win.dll
0x00007ffcec1b0000 - 0x00007ffcec1bb000 	C:\WINDOWS\SYSTEM32\VERSION.dll
0x00007ffcf9080000 - 0x00007ffcf90af000 	C:\WINDOWS\System32\IMM32.DLL
0x00007ffcf0ed0000 - 0x00007ffcf0edc000 	C:\Program Files\Java\jdk-17\bin\vcruntime140_1.dll
0x00007ffcb5120000 - 0x00007ffcb51ae000 	C:\Program Files\Java\jdk-17\bin\msvcp140.dll
0x00007ffc84320000 - 0x00007ffc84f00000 	C:\Program Files\Java\jdk-17\bin\server\jvm.dll
0x00007ffcfa8b0000 - 0x00007ffcfa8b8000 	C:\WINDOWS\System32\PSAPI.DLL
0x00007ffcd6bb0000 - 0x00007ffcd6bba000 	C:\WINDOWS\SYSTEM32\WSOCK32.dll
0x00007ffcfa5b0000 - 0x00007ffcfa624000 	C:\WINDOWS\System32\WS2_32.dll
0x00007ffcbd230000 - 0x00007ffcbd266000 	C:\WINDOWS\SYSTEM32\WINMM.dll
0x00007ffcf7240000 - 0x00007ffcf725a000 	C:\WINDOWS\SYSTEM32\kernel.appcore.dll
0x00007ffcf0b90000 - 0x00007ffcf0b9a000 	C:\Program Files\Java\jdk-17\bin\jimage.dll
0x00007ffcf5e30000 - 0x00007ffcf6071000 	C:\WINDOWS\SYSTEM32\DBGHELP.DLL
0x00007ffcf9520000 - 0x00007ffcf989c000 	C:\WINDOWS\System32\combase.dll
0x00007ffcfa150000 - 0x00007ffcfa226000 	C:\WINDOWS\System32\OLEAUT32.dll
0x00007ffceacc0000 - 0x00007ffceacf9000 	C:\WINDOWS\SYSTEM32\dbgcore.DLL
0x00007ffcf8da0000 - 0x00007ffcf8e39000 	C:\WINDOWS\System32\bcryptPrimitives.dll
0x00007ffceb8a0000 - 0x00007ffceb8c5000 	C:\Program Files\Java\jdk-17\bin\java.dll
0x00007ffcb52c0000 - 0x00007ffcb5397000 	C:\Program Files\Java\jdk-17\bin\jsvml.dll
0x00007ffcf98a0000 - 0x00007ffcf9f96000 	C:\WINDOWS\System32\SHELL32.dll
0x00007ffcf6160000 - 0x00007ffcf6989000 	C:\WINDOWS\SYSTEM32\windows.storage.dll
0x00007ffcfa300000 - 0x00007ffcfa3d3000 	C:\WINDOWS\System32\SHCORE.dll
0x00007ffcf8e40000 - 0x00007ffcf8e9d000 	C:\WINDOWS\System32\shlwapi.dll
0x00007ffcf82f0000 - 0x00007ffcf8319000 	C:\WINDOWS\SYSTEM32\profapi.dll
0x00007ffceb850000 - 0x00007ffceb869000 	C:\Program Files\Java\jdk-17\bin\net.dll
0x00007ffceffc0000 - 0x00007ffcf00e6000 	C:\WINDOWS\SYSTEM32\WINHTTP.dll
0x00007ffcf7730000 - 0x00007ffcf7798000 	C:\WINDOWS\system32\mswsock.dll
0x00007ffcea9c0000 - 0x00007ffcea9d6000 	C:\Program Files\Java\jdk-17\bin\nio.dll
0x00007ffce8d00000 - 0x00007ffce8d18000 	C:\Program Files\Java\jdk-17\bin\zip.dll
0x00007ffcb32c0000 - 0x00007ffcb3451000 	C:\Program Files\Java\jdk-17\bin\awt.dll
0x00007ffcef9d0000 - 0x00007ffcefa6d000 	C:\WINDOWS\SYSTEM32\apphelp.dll
0x00007ffcf4fe0000 - 0x00007ffcf508d000 	C:\WINDOWS\system32\uxtheme.dll
0x00007ffcf9ff0000 - 0x00007ffcfa149000 	C:\WINDOWS\System32\MSCTF.dll
0x00007ffcf8ee0000 - 0x00007ffcf9079000 	C:\WINDOWS\System32\ole32.dll
0x00007ffcf5700000 - 0x00007ffcf572e000 	C:\WINDOWS\system32\DWMAPI.DLL
0x00007ffcb5090000 - 0x00007ffcb5117000 	C:\Program Files\Java\jdk-17\bin\freetype.dll
0x00007ffcb3a00000 - 0x00007ffcb3ae1000 	C:\Program Files\Java\jdk-17\bin\fontmanager.dll

dbghelp: loaded successfully - version: 4.0.5 - missing functions: none
symbol engine: initialized successfully - sym options: 0x614 - pdb path: .;C:\Program Files\Java\jdk-17\bin;C:\WINDOWS\SYSTEM32;C:\WINDOWS\WinSxS\amd64_microsoft.windows.common-controls_6595b64144ccf1df_6.0.26100.1542_none_3e0a93dee33263f1;C:\Program Files\Java\jdk-17\bin\server

VM Arguments:
jvm_args: --enable-preview 
java_command: view.Login
java_class_path (initial): D:\quan_ly_kho_update\quan_ly_kho\target\classes;C:\Users\dyly3\.m2\repository\com\microsoft\sqlserver\mssql-jdbc\12.8.1.jre11\mssql-jdbc-12.8.1.jre11.jar;C:\Users\dyly3\.m2\repository\javax\mail\mail\1.5.0-b01\mail-1.5.0-b01.jar;C:\Users\dyly3\.m2\repository\javax\activation\activation\1.1\activation-1.1.jar;C:\Users\dyly3\.m2\repository\com\toedter\jcalendar\1.4\jcalendar-1.4.jar;C:\Users\dyly3\.m2\repository\com\itextpdf\itextpdf\5.5.12\itextpdf-5.5.12.jar;C:\Users\dyly3\.m2\repository\javax\activation\javax.activation-api\1.2.0\javax.activation-api-1.2.0.jar;C:\Users\dyly3\.m2\repository\com\google\protobuf\protobuf-java\3.19.4\protobuf-java-3.19.4.jar;C:\Users\dyly3\.m2\repository\net\sourceforge\jexcelapi\jxl\2.6\jxl-2.6.jar;C:\Users\dyly3\.m2\repository\org\apache\poi\poi\5.2.3\poi-5.2.3.jar;C:\Users\dyly3\.m2\repository\commons-codec\commons-codec\1.15\commons-codec-1.15.jar;C:\Users\dyly3\.m2\repository\org\apache\commons\commons-collections4\4.4\commons-collections4-4.4.jar;C:\Users\dyly3\.m2\repository\org\apache\commons\commons-math3\3.6.1\commons-math3-3.6.1.jar;C:\Users\dyly3\.m2\repository\com\zaxxer\SparseBitSet\1.2\SparseBitSet-1.2.jar;C:\Users\dyly3\.m2\repository\org\apache\logging\log4j\log4j-api\2.18.0\log4j-api-2.18.0.jar;C:\Users\dyly3\.m2\repository\org\apache\poi\poi-ooxml\5.3.0\poi-ooxml-5.3.0.jar;C:\Users\dyly3\.m2\repository\org\apache\poi\poi-ooxml-lite\5.3.0\poi-ooxml-lite-5.3.0.jar;C:\Users\dyly3\.m2\repository\org\apache\xmlbeans\xmlbeans\5.2.1\xmlbeans-5.2.1.jar;C:\Users\dyly3\.m2\repository\org\apache\commons\commons-compress\1.26.2\commons-compress-1.26.2.jar;C:\Users\dyly3\.m2\repository\org\apache\commons\commons-lang3\3.14.0\commons-lang3-3.14.0.jar;C:\Users\dyly3\.m2\repository\com\github\virtuald\curvesapi\1.08\curvesapi-1.08.jar;C:\Users\dyly3\.m2\repository\com\formdev\flatlaf\3.5.1\flatlaf-3.5.1.jar;C:\Users\dyly3\.m2\repository\org\netbeans\external\AbsoluteLayout\RELEASE220\AbsoluteLayout-RELE
Launcher Type: SUN_STANDARD

[Global flags]
     intx CICompilerCount                          = 4                                         {product} {ergonomic}
     uint ConcGCThreads                            = 2                                         {product} {ergonomic}
     uint G1ConcRefinementThreads                  = 8                                         {product} {ergonomic}
   size_t G1HeapRegionSize                         = 2097152                                   {product} {ergonomic}
    uintx GCDrainStackTargetSize                   = 64                                        {product} {ergonomic}
   size_t InitialHeapSize                          = 266338304                                 {product} {ergonomic}
   size_t MarkStackSize                            = 4194304                                   {product} {ergonomic}
   size_t MaxHeapSize                              = 4257218560                                {product} {ergonomic}
   size_t MaxNewSize                               = 2554331136                                {product} {ergonomic}
   size_t MinHeapDeltaBytes                        = 2097152                                   {product} {ergonomic}
   size_t MinHeapSize                              = 8388608                                   {product} {ergonomic}
    uintx NonNMethodCodeHeapSize                   = 5839372                                {pd product} {ergonomic}
    uintx NonProfiledCodeHeapSize                  = 122909434                              {pd product} {ergonomic}
    uintx ProfiledCodeHeapSize                     = 122909434                              {pd product} {ergonomic}
    uintx ReservedCodeCacheSize                    = 251658240                              {pd product} {ergonomic}
     bool SegmentedCodeCache                       = true                                      {product} {ergonomic}
   size_t SoftMaxHeapSize                          = 4257218560                             {manageable} {ergonomic}
     bool UseCompressedClassPointers               = true                           {product lp64_product} {ergonomic}
     bool UseCompressedOops                        = true                           {product lp64_product} {ergonomic}
     bool UseG1GC                                  = true                                      {product} {ergonomic}
     bool UseLargePagesIndividualAllocation        = false                                  {pd product} {ergonomic}

Logging:
Log output configuration:
 #0: stdout all=warning uptime,level,tags
 #1: stderr all=off uptime,level,tags

Environment Variables:
JAVA_HOME=C:\Program Files\Java\jdk-17
PATH=D:\VMWare\bin\;D:\app\dyly3\product\12.1.0\dbhome_3\bin;D:\app\dyly3\product\12.1.0\dbhome_2\bin;D:\app\dyly3\product\12.1.0\dbhome_1\bin;C:\Program Files\Common Files\Oracle\Java\javapath;C:\WINDOWS\system32;C:\WINDOWS;C:\WINDOWS\System32\Wbem;C:\WINDOWS\System32\WindowsPowerShell\v1.0\;C:\WINDOWS\System32\OpenSSH\;C:\Program Files\Microsoft SQL Server\Client SDK\ODBC\170\Tools\Binn\;C:\Program Files\Azure Data Studio\bin;C:\Program Files\dotnet\;C:\Program Files (x86)\Windows Kits\10\Windows Performance Toolkit\;C:\MinGW\bin;C:\Program Files\Docker\Docker\resources\bin;C:\xampp\php;C:\ProgramData\ComposerSetup\bin;E:\xampp\php;C:\Program Files\Git\cmd;C:\Program Files (x86)\Microsoft SQL Server\160\Tools\Binn\;C:\Program Files\Microsoft SQL Server\160\Tools\Binn\;C:\Program Files\Microsoft SQL Server\160\DTS\Binn\;C:\Program Files (x86)\Microsoft SQL Server\160\DTS\Binn\;C:\Program Files\nodejs\;C:\Users\dyly3\AppData\Local\Programs\Python\Python312\Scripts\;C:\Users\dyly3\AppData\Local\Programs\Python\Python312\;C:\Users\dyly3\AppData\Local\Programs\Python\Launcher\;E:\Ruby33-x64\bin;C:\Users\dyly3\.cargo\bin;C:\Users\dyly3\AppData\Local\pnpm;C:\Users\dyly3\AppData\Local\Microsoft\WindowsApps;C:\Program Files\Azure Data Studio\bin;C:\Users\dyly3\.dotnet\tools;C:\Users\dyly3\AppData\Local\Programs\Microsoft VS Code\bin;C:\msys64\mingw64\bin;C:\Program Files\JetBrains\PyCharm 2024.1.1\bin;C:\Users\dyly3\AppData\Local\JetBrains\Toolbox\scripts;C:\Users\dyly3\AppData\Roaming\Composer\vendor\bin;E:\IntelliJ IDEA 2024.2\bin;;C:\Users\dyly3\AppData\Local\Microsoft\WinGet\Links;D:\xampp\php;C:\Users\dyly3\AppData\Roaming\npm
USERNAME=dyly3
OS=Windows_NT
PROCESSOR_IDENTIFIER=Intel64 Family 6 Model 142 Stepping 12, GenuineIntel



---------------  S Y S T E M  ---------------

OS:
 Windows 11 , 64 bit Build 26100 (10.0.26100.1542)
OS uptime: 0 days 8:14 hours
Hyper-V role detected

CPU: total 8 (initial active 8) (4 cores per cpu, 2 threads per core) family 6 model 142 stepping 12 microcode 0xde, cx8, cmov, fxsr, ht, mmx, 3dnowpref, sse, sse2, sse3, ssse3, sse4.1, sse4.2, popcnt, lzcnt, tsc, tscinvbit, avx, avx2, aes, erms, clmul, bmi1, bmi2, adx, fma, vzeroupper, clflush, clflushopt, hv

Memory: 4k page, system-wide physical 16235M (6795M free)
TotalPageFile size 16795M (AvailPageFile size 3M)
current process WorkingSet (physical memory assigned to process): 63M, peak: 63M
current process commit charge ("private bytes"): 356M, peak: 356M

vm_info: Java HotSpot(TM) 64-Bit Server VM (17.0.12+8-LTS-286) for windows-amd64 JRE (17.0.12+8-LTS-286), built on Jun  5 2024 06:46:59 by "mach5one" with MS VC++ 17.6 (VS2022)

END.
