#
# There is insufficient memory for the Java Runtime Environment to continue.
# Native memory allocation (mmap) failed to map 266338304 bytes for G1 virtual space
# Possible reasons:
#   The system is out of physical RAM or swap space
#   The process is running with CompressedOops enabled, and the Java Heap may be blocking the growth of the native heap
# Possible solutions:
#   Reduce memory load on the system
#   Increase physical memory or swap space
#   Check if swap backing store is full
#   Decrease Java heap size (-Xmx/-Xms)
#   Decrease number of Java threads
#   Decrease Java thread stack sizes (-Xss)
#   Set larger code cache with -XX:ReservedCodeCacheSize=
#   JVM is running with Zero Based Compressed Oops mode in which the Java heap is
#     placed in the first 32GB address space. The Java Heap base address is the
#     maximum limit for the native heap growth. Please use -XX:HeapBaseMinAddress
#     to set the Java Heap base and to place the Java Heap above 32GB virtual address.
# This output file may be truncated or incomplete.
#
#  Out of Memory Error (os_windows.cpp:3548), pid=11640, tid=2540
#
# JRE version:  (17.0.12+8) (build )
# Java VM: Java HotSpot(TM) 64-Bit Server VM (17.0.12+8-LTS-286, mixed mode, sharing, tiered, compressed oops, compressed class ptrs, g1 gc, windows-amd64)
# No core dump will be written. Minidumps are not enabled by default on client versions of Windows
#

---------------  S U M M A R Y ------------

Command Line: -Dclassworlds.conf=C:\Program Files\NetBeans-23\netbeans\java\maven\bin\m2.conf -Dmaven.home=C:\Program Files\NetBeans-23\netbeans\java\maven -Dlibrary.jansi.path=C:\Program Files\NetBeans-23\netbeans\java\maven\lib\jansi-native -Dmaven.multiModuleProjectDirectory=D:\quan_ly_kho_update\quan_ly_kho org.codehaus.plexus.classworlds.launcher.Launcher -Dmaven.ext.class.path=C:\Program Files\NetBeans-23\netbeans\java\maven-nblib\netbeans-eventspy.jar --no-transfer-progress clean install

Host: Intel(R) Core(TM) i5-8265U CPU @ 1.60GHz, 8 cores, 15G,  Windows 11 , 64 bit Build 26100 (10.0.26100.1542)
Time: Fri Nov 29 04:25:01 2024 SE Asia Standard Time elapsed time: 0.013330 seconds (0d 0h 0m 0s)

---------------  T H R E A D  ---------------

Current thread (0x00000241848e5af0):  JavaThread "Unknown thread" [_thread_in_vm, id=2540, stack(0x000000ca70400000,0x000000ca70500000)]

Stack: [0x000000ca70400000,0x000000ca70500000]
Native frames: (J=compiled Java code, j=interpreted, Vv=VM code, C=native code)
V  [jvm.dll+0x67a04a]
V  [jvm.dll+0x7da4ed]
V  [jvm.dll+0x7dbe33]
V  [jvm.dll+0x7dc4a3]
V  [jvm.dll+0x24508f]
V  [jvm.dll+0x677089]
V  [jvm.dll+0x66bd32]
V  [jvm.dll+0x301fa6]
V  [jvm.dll+0x309546]
V  [jvm.dll+0x359d2e]
V  [jvm.dll+0x359f5f]
V  [jvm.dll+0x2d9078]
V  [jvm.dll+0x2d9fe4]
V  [jvm.dll+0x7aca21]
V  [jvm.dll+0x367591]
V  [jvm.dll+0x78b999]
V  [jvm.dll+0x3ec83f]
V  [jvm.dll+0x3ee471]
C  [jli.dll+0x5297]
C  [ucrtbase.dll+0x14ea0]
C  [KERNEL32.DLL+0x2dbe7]
C  [ntdll.dll+0x85a6c]


---------------  P R O C E S S  ---------------

Threads class SMR info:
_java_thread_list=0x00007ffc84dd7a18, length=0, elements={
}

Java Threads: ( => current thread )

Other Threads:
  0x000002418494ece0 GCTaskThread "GC Thread#0" [stack: 0x000000ca70500000,0x000000ca70600000] [id=3524]
  0x000002418495fb50 ConcurrentGCThread "G1 Main Marker" [stack: 0x000000ca70600000,0x000000ca70700000] [id=11964]
  0x0000024184961f80 ConcurrentGCThread "G1 Conc#0" [stack: 0x000000ca70700000,0x000000ca70800000] [id=17752]

[error occurred during error reporting (printing all threads), id 0xc0000005, EXCEPTION_ACCESS_VIOLATION (0xc0000005) at pc=0x00007ffc84609b67]

VM state: not at safepoint (not fully initialized)

VM Mutex/Monitor currently owned by a thread:  ([mutex/lock_event])
[0x00000241848e45b0] Heap_lock - owner thread: 0x00000241848e5af0

Heap address: 0x0000000702400000, size: 4060 MB, Compressed Oops mode: Zero based, Oop shift amount: 3

CDS archive(s) mapped at: [0x0000000000000000-0x0000000000000000-0x0000000000000000), size 0, SharedBaseAddress: 0x0000000800000000, ArchiveRelocationMode: 1.
Narrow klass base: 0x0000000000000000, Narrow klass shift: 0, Narrow klass range: 0x0

GC Precious Log:
<Empty>

Heap:
 garbage-first heap   total 0K, used 0K [0x0000000702400000, 0x0000000800000000)
  region size 2048K, 0 young (0K), 0 survivors (0K)

[error occurred during error reporting (printing heap information), id 0xc0000005, EXCEPTION_ACCESS_VIOLATION (0xc0000005) at pc=0x00007ffc849f3859]

GC Heap History (0 events):
No events

Deoptimization events (0 events):
No events

Classes unloaded (0 events):
No events

Classes redefined (0 events):
No events

Internal exceptions (0 events):
No events

VM Operations (0 events):
No events

Events (1 events):
Event: 0.008 Loaded shared library C:\Program Files\Java\jdk-17\bin\java.dll


Dynamic libraries:
0x00007ff68c8c0000 - 0x00007ff68c8d0000 	C:\Program Files\Java\jdk-17\bin\java.exe
0x00007ffcfafc0000 - 0x00007ffcfb223000 	C:\WINDOWS\SYSTEM32\ntdll.dll
0x00007ffcfa230000 - 0x00007ffcfa2f7000 	C:\WINDOWS\System32\KERNEL32.DLL
0x00007ffcf85d0000 - 0x00007ffcf8971000 	C:\WINDOWS\System32\KERNELBASE.dll
0x00007ffcf8480000 - 0x00007ffcf85cb000 	C:\WINDOWS\System32\ucrtbase.dll
0x00007ffcf1710000 - 0x00007ffcf172b000 	C:\Program Files\Java\jdk-17\bin\VCRUNTIME140.dll
0x00007ffceb850000 - 0x00007ffceb869000 	C:\Program Files\Java\jdk-17\bin\jli.dll
0x00007ffcfa630000 - 0x00007ffcfa6e2000 	C:\WINDOWS\System32\ADVAPI32.dll
0x00007ffcfa8c0000 - 0x00007ffcfa969000 	C:\WINDOWS\System32\msvcrt.dll
0x00007ffcf92f0000 - 0x00007ffcf9397000 	C:\WINDOWS\System32\sechost.dll
0x00007ffcfa9d0000 - 0x00007ffcfaae6000 	C:\WINDOWS\System32\RPCRT4.dll
0x00007ffcf90c0000 - 0x00007ffcf9283000 	C:\WINDOWS\System32\USER32.dll
0x00007ffcf8cf0000 - 0x00007ffcf8d17000 	C:\WINDOWS\System32\win32u.dll
0x00007ffcdcaa0000 - 0x00007ffcdcd30000 	C:\WINDOWS\WinSxS\amd64_microsoft.windows.common-controls_6595b64144ccf1df_6.0.26100.1542_none_3e0a93dee33263f1\COMCTL32.dll
0x00007ffcf92c0000 - 0x00007ffcf92ea000 	C:\WINDOWS\System32\GDI32.dll
0x00007ffcf8980000 - 0x00007ffcf8aa1000 	C:\WINDOWS\System32\gdi32full.dll
0x00007ffcf83d0000 - 0x00007ffcf8473000 	C:\WINDOWS\System32\msvcp_win.dll
0x00007ffcec1b0000 - 0x00007ffcec1bb000 	C:\WINDOWS\SYSTEM32\VERSION.dll
0x00007ffcf9080000 - 0x00007ffcf90af000 	C:\WINDOWS\System32\IMM32.DLL
0x00007ffcf07b0000 - 0x00007ffcf07bc000 	C:\Program Files\Java\jdk-17\bin\vcruntime140_1.dll
0x00007ffcb1ab0000 - 0x00007ffcb1b3e000 	C:\Program Files\Java\jdk-17\bin\msvcp140.dll
0x00007ffc84320000 - 0x00007ffc84f00000 	C:\Program Files\Java\jdk-17\bin\server\jvm.dll
0x00007ffcfa8b0000 - 0x00007ffcfa8b8000 	C:\WINDOWS\System32\PSAPI.DLL
0x00007ffcd6bb0000 - 0x00007ffcd6bba000 	C:\WINDOWS\SYSTEM32\WSOCK32.dll
0x00007ffcbd230000 - 0x00007ffcbd266000 	C:\WINDOWS\SYSTEM32\WINMM.dll
0x00007ffcfa5b0000 - 0x00007ffcfa624000 	C:\WINDOWS\System32\WS2_32.dll
0x00007ffcf7240000 - 0x00007ffcf725a000 	C:\WINDOWS\SYSTEM32\kernel.appcore.dll
0x00007ffcec6e0000 - 0x00007ffcec6ea000 	C:\Program Files\Java\jdk-17\bin\jimage.dll
0x00007ffcf5e30000 - 0x00007ffcf6071000 	C:\WINDOWS\SYSTEM32\DBGHELP.DLL
0x00007ffcf9520000 - 0x00007ffcf989c000 	C:\WINDOWS\System32\combase.dll
0x00007ffcfa150000 - 0x00007ffcfa226000 	C:\WINDOWS\System32\OLEAUT32.dll
0x00007ffceacc0000 - 0x00007ffceacf9000 	C:\WINDOWS\SYSTEM32\dbgcore.DLL
0x00007ffcf8da0000 - 0x00007ffcf8e39000 	C:\WINDOWS\System32\bcryptPrimitives.dll
0x00007ffcf0780000 - 0x00007ffcf07a5000 	C:\Program Files\Java\jdk-17\bin\java.dll

dbghelp: loaded successfully - version: 4.0.5 - missing functions: none
symbol engine: initialized successfully - sym options: 0x614 - pdb path: .;C:\Program Files\Java\jdk-17\bin;C:\WINDOWS\SYSTEM32;C:\WINDOWS\WinSxS\amd64_microsoft.windows.common-controls_6595b64144ccf1df_6.0.26100.1542_none_3e0a93dee33263f1;C:\Program Files\Java\jdk-17\bin\server

VM Arguments:
jvm_args: -Dclassworlds.conf=C:\Program Files\NetBeans-23\netbeans\java\maven\bin\m2.conf -Dmaven.home=C:\Program Files\NetBeans-23\netbeans\java\maven -Dlibrary.jansi.path=C:\Program Files\NetBeans-23\netbeans\java\maven\lib\jansi-native -Dmaven.multiModuleProjectDirectory=D:\quan_ly_kho_update\quan_ly_kho 
java_command: org.codehaus.plexus.classworlds.launcher.Launcher -Dmaven.ext.class.path=C:\Program Files\NetBeans-23\netbeans\java\maven-nblib\netbeans-eventspy.jar --no-transfer-progress clean install
java_class_path (initial): C:\Program Files\NetBeans-23\netbeans\java\maven\boot\plexus-classworlds-2.8.0.jar
Launcher Type: SUN_STANDARD

[Global flags]
     intx CICompilerCount                          = 4                                         {product} {ergonomic}
     uint ConcGCThreads                            = 2                                         {product} {ergonomic}
     uint G1ConcRefinementThreads                  = 8                                         {product} {ergonomic}
   size_t G1HeapRegionSize                         = 2097152                                   {product} {ergonomic}
    uintx GCDrainStackTargetSize                   = 64                                        {product} {ergonomic}
   size_t InitialHeapSize                          = 266338304                                 {product} {ergonomic}
   size_t MarkStackSize                            = 4194304                                   {product} {ergonomic}
   size_t MaxHeapSize                              = 4257218560                                {product} {ergonomic}
   size_t MinHeapDeltaBytes                        = 2097152                                   {product} {ergonomic}
   size_t MinHeapSize                              = 8388608                                   {product} {ergonomic}
    uintx NonNMethodCodeHeapSize                   = 5839372                                {pd product} {ergonomic}
    uintx NonProfiledCodeHeapSize                  = 122909434                              {pd product} {ergonomic}
    uintx ProfiledCodeHeapSize                     = 122909434                              {pd product} {ergonomic}
    uintx ReservedCodeCacheSize                    = 251658240                              {pd product} {ergonomic}
     bool SegmentedCodeCache                       = true                                      {product} {ergonomic}
   size_t SoftMaxHeapSize                          = 4257218560                             {manageable} {ergonomic}
     bool UseCompressedClassPointers               = true                           {product lp64_product} {ergonomic}
     bool UseCompressedOops                        = true                           {product lp64_product} {ergonomic}
     bool UseG1GC                                  = true                                      {product} {ergonomic}
     bool UseLargePagesIndividualAllocation        = false                                  {pd product} {ergonomic}

Logging:
Log output configuration:
 #0: stdout all=warning uptime,level,tags
 #1: stderr all=off uptime,level,tags

Environment Variables:
JAVA_HOME=C:\Program Files\Java\jdk-17
PATH=D:\VMWare\bin\;D:\app\dyly3\product\12.1.0\dbhome_3\bin;D:\app\dyly3\product\12.1.0\dbhome_2\bin;D:\app\dyly3\product\12.1.0\dbhome_1\bin;C:\Program Files\Common Files\Oracle\Java\javapath;C:\WINDOWS\system32;C:\WINDOWS;C:\WINDOWS\System32\Wbem;C:\WINDOWS\System32\WindowsPowerShell\v1.0\;C:\WINDOWS\System32\OpenSSH\;C:\Program Files\Microsoft SQL Server\Client SDK\ODBC\170\Tools\Binn\;C:\Program Files\Azure Data Studio\bin;C:\Program Files\dotnet\;C:\Program Files (x86)\Windows Kits\10\Windows Performance Toolkit\;C:\MinGW\bin;C:\Program Files\Docker\Docker\resources\bin;C:\xampp\php;C:\ProgramData\ComposerSetup\bin;E:\xampp\php;C:\Program Files\Git\cmd;C:\Program Files (x86)\Microsoft SQL Server\160\Tools\Binn\;C:\Program Files\Microsoft SQL Server\160\Tools\Binn\;C:\Program Files\Microsoft SQL Server\160\DTS\Binn\;C:\Program Files (x86)\Microsoft SQL Server\160\DTS\Binn\;C:\Program Files\nodejs\;C:\Users\dyly3\AppData\Local\Programs\Python\Python312\Scripts\;C:\Users\dyly3\AppData\Local\Programs\Python\Python312\;C:\Users\dyly3\AppData\Local\Programs\Python\Launcher\;E:\Ruby33-x64\bin;C:\Users\dyly3\.cargo\bin;C:\Users\dyly3\AppData\Local\pnpm;C:\Users\dyly3\AppData\Local\Microsoft\WindowsApps;C:\Program Files\Azure Data Studio\bin;C:\Users\dyly3\.dotnet\tools;C:\Users\dyly3\AppData\Local\Programs\Microsoft VS Code\bin;C:\msys64\mingw64\bin;C:\Program Files\JetBrains\PyCharm 2024.1.1\bin;C:\Users\dyly3\AppData\Local\JetBrains\Toolbox\scripts;C:\Users\dyly3\AppData\Roaming\Composer\vendor\bin;E:\IntelliJ IDEA 2024.2\bin;;C:\Users\dyly3\AppData\Local\Microsoft\WinGet\Links;D:\xampp\php;C:\Users\dyly3\AppData\Roaming\npm
USERNAME=dyly3
OS=Windows_NT
PROCESSOR_IDENTIFIER=Intel64 Family 6 Model 142 Stepping 12, GenuineIntel



---------------  S Y S T E M  ---------------

OS:
 Windows 11 , 64 bit Build 26100 (10.0.26100.1542)
OS uptime: 0 days 8:09 hours
Hyper-V role detected

CPU: total 8 (initial active 8) (4 cores per cpu, 2 threads per core) family 6 model 142 stepping 12 microcode 0xde, cx8, cmov, fxsr, ht, mmx, 3dnowpref, sse, sse2, sse3, ssse3, sse4.1, sse4.2, popcnt, lzcnt, tsc, tscinvbit, avx, avx2, aes, erms, clmul, bmi1, bmi2, adx, fma, vzeroupper, clflush, clflushopt, hv

Memory: 4k page, system-wide physical 16235M (6813M free)
TotalPageFile size 16795M (AvailPageFile size 158M)
current process WorkingSet (physical memory assigned to process): 12M, peak: 12M
current process commit charge ("private bytes"): 60M, peak: 314M

vm_info: Java HotSpot(TM) 64-Bit Server VM (17.0.12+8-LTS-286) for windows-amd64 JRE (17.0.12+8-LTS-286), built on Jun  5 2024 06:46:59 by "mach5one" with MS VC++ 17.6 (VS2022)

END.
