#
# There is insufficient memory for the Java Runtime Environment to continue.
# Native memory allocation (malloc) failed to allocate 1527344 bytes for Chunk::new
# Possible reasons:
#   The system is out of physical RAM or swap space
#   The process is running with CompressedOops enabled, and the Java Heap may be blocking the growth of the native heap
# Possible solutions:
#   Reduce memory load on the system
#   Increase physical memory or swap space
#   Check if swap backing store is full
#   Decrease Java heap size (-Xmx/-Xms)
#   Decrease number of Java threads
#   Decrease Java thread stack sizes (-Xss)
#   Set larger code cache with -XX:ReservedCodeCacheSize=
#   JVM is running with Zero Based Compressed Oops mode in which the Java heap is
#     placed in the first 32GB address space. The Java Heap base address is the
#     maximum limit for the native heap growth. Please use -XX:HeapBaseMinAddress
#     to set the Java Heap base and to place the Java Heap above 32GB virtual address.
# This output file may be truncated or incomplete.
#
#  Out of Memory Error (arena.cpp:189), pid=17352, tid=5904
#
# JRE version: Java(TM) SE Runtime Environment (17.0.12+8) (build 17.0.12+8-LTS-286)
# Java VM: Java HotSpot(TM) 64-Bit Server VM (17.0.12+8-LTS-286, mixed mode, sharing, tiered, compressed oops, compressed class ptrs, g1 gc, windows-amd64)
# No core dump will be written. Minidumps are not enabled by default on client versions of Windows
#

---------------  S U M M A R Y ------------

Command Line: -Dclassworlds.conf=C:\Program Files\NetBeans-23\netbeans\java\maven\bin\m2.conf -Dmaven.home=C:\Program Files\NetBeans-23\netbeans\java\maven -Dlibrary.jansi.path=C:\Program Files\NetBeans-23\netbeans\java\maven\lib\jansi-native -Dmaven.multiModuleProjectDirectory=D:\quan_ly_kho_update\quan_ly_kho org.codehaus.plexus.classworlds.launcher.Launcher -Dexec.vmArgs=--enable-preview -Dexec.args=${exec.vmArgs} -classpath %classpath ${exec.mainClass} ${exec.appArgs} -Dexec.executable=C:\Program Files\Java\jdk-17\bin\java.exe -Dexec.mainClass=view.Login -Dexec.classpathScope=runtime -Dexec.appArgs= -Dmaven.ext.class.path=C:\Program Files\NetBeans-23\netbeans\java\maven-nblib\netbeans-eventspy.jar --no-transfer-progress process-classes org.codehaus.mojo:exec-maven-plugin:3.1.0:exec

Host: Intel(R) Core(TM) i5-8265U CPU @ 1.60GHz, 8 cores, 15G,  Windows 11 , 64 bit Build 26100 (10.0.26100.1542)
Time: Fri Nov 29 04:26:57 2024 SE Asia Standard Time elapsed time: 12.785593 seconds (0d 0h 0m 12s)

---------------  T H R E A D  ---------------

Current thread (0x000001ee6a88c1d0):  JavaThread "C2 CompilerThread2" daemon [_thread_in_native, id=5904, stack(0x000000b5c7800000,0x000000b5c7900000)]


Current CompileTask:
C2:  12785 8543       4       com.sun.tools.javac.comp.Resolve::findMethod (428 bytes)

Stack: [0x000000b5c7800000,0x000000b5c7900000]
Native frames: (J=compiled Java code, j=interpreted, Vv=VM code, C=native code)
V  [jvm.dll+0x67a04a]
V  [jvm.dll+0x7da4ed]
V  [jvm.dll+0x7dbe33]
V  [jvm.dll+0x7dc4a3]
V  [jvm.dll+0x24508f]
V  [jvm.dll+0xab773]
V  [jvm.dll+0xabd3c]
V  [jvm.dll+0x361bee]
V  [jvm.dll+0x1ba45a]
V  [jvm.dll+0x216997]
V  [jvm.dll+0x215c6f]
V  [jvm.dll+0x1a2960]
V  [jvm.dll+0x22610b]
V  [jvm.dll+0x2242ab]
V  [jvm.dll+0x79075c]
V  [jvm.dll+0x78abea]
V  [jvm.dll+0x678f35]
C  [ucrtbase.dll+0x14ea0]
C  [KERNEL32.DLL+0x2dbe7]
C  [ntdll.dll+0x85a6c]


---------------  P R O C E S S  ---------------

Threads class SMR info:
_java_thread_list=0x000001ee6b6eb1a0, length=17, elements={
0x000001ee7f5f6b30, 0x000001ee237dada0, 0x000001ee237db870, 0x000001ee237ee180,
0x000001ee237eea50, 0x000001ee23934490, 0x000001ee23936180, 0x000001ee2393c9c0,
0x000001ee239483f0, 0x000001ee23969930, 0x000001ee23a9a750, 0x000001ee23aaec50,
0x000001ee69d45830, 0x000001ee6a88c1d0, 0x000001ee6bf4f3b0, 0x000001ee6bf4fdd0,
0x000001ee6bf4f8c0
}

Java Threads: ( => current thread )
  0x000001ee7f5f6b30 JavaThread "main" [_thread_in_native, id=13544, stack(0x000000b5c5c00000,0x000000b5c5d00000)]
  0x000001ee237dada0 JavaThread "Reference Handler" daemon [_thread_blocked, id=7064, stack(0x000000b5c6300000,0x000000b5c6400000)]
  0x000001ee237db870 JavaThread "Finalizer" daemon [_thread_blocked, id=8868, stack(0x000000b5c6400000,0x000000b5c6500000)]
  0x000001ee237ee180 JavaThread "Signal Dispatcher" daemon [_thread_blocked, id=6316, stack(0x000000b5c6500000,0x000000b5c6600000)]
  0x000001ee237eea50 JavaThread "Attach Listener" daemon [_thread_blocked, id=15180, stack(0x000000b5c6600000,0x000000b5c6700000)]
  0x000001ee23934490 JavaThread "Service Thread" daemon [_thread_blocked, id=15368, stack(0x000000b5c6700000,0x000000b5c6800000)]
  0x000001ee23936180 JavaThread "Monitor Deflation Thread" daemon [_thread_blocked, id=11600, stack(0x000000b5c6800000,0x000000b5c6900000)]
  0x000001ee2393c9c0 JavaThread "C2 CompilerThread0" daemon [_thread_in_native, id=19216, stack(0x000000b5c6900000,0x000000b5c6a00000)]
  0x000001ee239483f0 JavaThread "C1 CompilerThread0" daemon [_thread_blocked, id=17660, stack(0x000000b5c6a00000,0x000000b5c6b00000)]
  0x000001ee23969930 JavaThread "Sweeper thread" daemon [_thread_blocked, id=1268, stack(0x000000b5c6b00000,0x000000b5c6c00000)]
  0x000001ee23a9a750 JavaThread "Notification Thread" daemon [_thread_blocked, id=9212, stack(0x000000b5c6c00000,0x000000b5c6d00000)]
  0x000001ee23aaec50 JavaThread "Common-Cleaner" daemon [_thread_blocked, id=2572, stack(0x000000b5c6e00000,0x000000b5c6f00000)]
  0x000001ee69d45830 JavaThread "C2 CompilerThread1" daemon [_thread_in_native, id=12660, stack(0x000000b5c7000000,0x000000b5c7100000)]
=>0x000001ee6a88c1d0 JavaThread "C2 CompilerThread2" daemon [_thread_in_native, id=5904, stack(0x000000b5c7800000,0x000000b5c7900000)]
  0x000001ee6bf4f3b0 JavaThread "Exec Stream Pumper" daemon [_thread_in_native, id=2076, stack(0x000000b5c7d00000,0x000000b5c7e00000)]
  0x000001ee6bf4fdd0 JavaThread "Exec Stream Pumper" daemon [_thread_in_native, id=2696, stack(0x000000b5c7e00000,0x000000b5c7f00000)]
  0x000001ee6bf4f8c0 JavaThread "Exec Input Stream Pumper" daemon [_thread_blocked, id=8492, stack(0x000000b5c7f00000,0x000000b5c8000000)]

Other Threads:
  0x000001ee237d4730 VMThread "VM Thread" [stack: 0x000000b5c6200000,0x000000b5c6300000] [id=4204]
  0x000001ee7f67e500 WatcherThread [stack: 0x000000b5c6d00000,0x000000b5c6e00000] [id=15504]
  0x000001ee7f662d00 GCTaskThread "GC Thread#0" [stack: 0x000000b5c5d00000,0x000000b5c5e00000] [id=9416]
  0x000001ee23abde30 GCTaskThread "GC Thread#1" [stack: 0x000000b5c7100000,0x000000b5c7200000] [id=13560]
  0x000001ee23abeeb0 GCTaskThread "GC Thread#2" [stack: 0x000000b5c7200000,0x000000b5c7300000] [id=16940]
  0x000001ee23abebf0 GCTaskThread "GC Thread#3" [stack: 0x000000b5c7300000,0x000000b5c7400000] [id=19008]
  0x000001ee23abe0f0 GCTaskThread "GC Thread#4" [stack: 0x000000b5c7400000,0x000000b5c7500000] [id=17768]
  0x000001ee23abe3b0 GCTaskThread "GC Thread#5" [stack: 0x000000b5c7500000,0x000000b5c7600000] [id=16976]
  0x000001ee23abf430 GCTaskThread "GC Thread#6" [stack: 0x000000b5c7600000,0x000000b5c7700000] [id=16800]
  0x000001ee23abf170 GCTaskThread "GC Thread#7" [stack: 0x000000b5c6f00000,0x000000b5c7000000] [id=1048]
  0x000001ee7f674600 ConcurrentGCThread "G1 Main Marker" [stack: 0x000000b5c5e00000,0x000000b5c5f00000] [id=6932]
  0x000001ee7f6756c0 ConcurrentGCThread "G1 Conc#0" [stack: 0x000000b5c5f00000,0x000000b5c6000000] [id=16520]
  0x000001ee23abf9b0 ConcurrentGCThread "G1 Conc#1" [stack: 0x000000b5c7700000,0x000000b5c7800000] [id=19092]
  0x000001ee236844f0 ConcurrentGCThread "G1 Refine#0" [stack: 0x000000b5c6000000,0x000000b5c6100000] [id=4104]
  0x000001ee6aefccc0 ConcurrentGCThread "G1 Refine#1" [stack: 0x000000b5c7900000,0x000000b5c7a00000] [id=2080]
  0x000001ee69fd9fc0 ConcurrentGCThread "G1 Refine#2" [stack: 0x000000b5c7a00000,0x000000b5c7b00000] [id=6512]
  0x000001ee6a66b770 ConcurrentGCThread "G1 Refine#3" [stack: 0x000000b5c7b00000,0x000000b5c7c00000] [id=1300]
  0x000001ee6ac95040 ConcurrentGCThread "G1 Refine#4" [stack: 0x000000b5c7c00000,0x000000b5c7d00000] [id=18100]
  0x000001ee23684e30 ConcurrentGCThread "G1 Service" [stack: 0x000000b5c6100000,0x000000b5c6200000] [id=11688]

Threads with active compile tasks:
C2 CompilerThread0    12812 7700   !   4       com.sun.tools.javac.code.ClassFinder::complete (166 bytes)
C2 CompilerThread1    12812 7827       4       com.sun.tools.javac.comp.InferenceContext::asUndetVar (17 bytes)
C2 CompilerThread2    12812 8543       4       com.sun.tools.javac.comp.Resolve::findMethod (428 bytes)

VM state: not at safepoint (normal execution)

VM Mutex/Monitor currently owned by a thread: None

Heap address: 0x0000000702400000, size: 4060 MB, Compressed Oops mode: Zero based, Oop shift amount: 3

CDS archive(s) mapped at: [0x000001ee24000000-0x000001ee24bd0000-0x000001ee24bd0000), size 12386304, SharedBaseAddress: 0x000001ee24000000, ArchiveRelocationMode: 1.
Compressed class space mapped at: 0x000001ee25000000-0x000001ee65000000, reserved size: 1073741824
Narrow klass base: 0x000001ee24000000, Narrow klass shift: 0, Narrow klass range: 0x100000000

GC Precious Log:
 CPUs: 8 total, 8 available
 Memory: 16235M
 Large Page Support: Disabled
 NUMA Support: Disabled
 Compressed Oops: Enabled (Zero based)
 Heap Region Size: 2M
 Heap Min Capacity: 8M
 Heap Initial Capacity: 254M
 Heap Max Capacity: 4060M
 Pre-touch: Disabled
 Parallel Workers: 8
 Concurrent Workers: 2
 Concurrent Refinement Workers: 8
 Periodic GC: Disabled

Heap:
 garbage-first heap   total 190464K, used 112824K [0x0000000702400000, 0x0000000800000000)
  region size 2048K, 36 young (73728K), 4 survivors (8192K)
 Metaspace       used 29113K, committed 29376K, reserved 1114112K
  class space    used 3246K, committed 3328K, reserved 1048576K

Heap Regions: E=young(eden), S=young(survivor), O=old, HS=humongous(starts), HC=humongous(continues), CS=collection set, F=free, OA=open archive, CA=closed archive, TAMS=top-at-mark-start (previous, next)
|   0|0x0000000702400000, 0x0000000702600000, 0x0000000702600000|100%| O|  |TAMS 0x0000000702600000, 0x0000000702400000| Untracked 
|   1|0x0000000702600000, 0x0000000702800000, 0x0000000702800000|100%| O|  |TAMS 0x0000000702600000, 0x0000000702600000| Untracked 
|   2|0x0000000702800000, 0x0000000702a00000, 0x0000000702a00000|100%| O|  |TAMS 0x0000000702800000, 0x0000000702800000| Untracked 
|   3|0x0000000702a00000, 0x0000000702c00000, 0x0000000702c00000|100%| O|  |TAMS 0x0000000702a00000, 0x0000000702a00000| Untracked 
|   4|0x0000000702c00000, 0x0000000702e00000, 0x0000000702e00000|100%| O|  |TAMS 0x0000000702c00000, 0x0000000702c00000| Untracked 
|   5|0x0000000702e00000, 0x0000000703000000, 0x0000000703000000|100%| O|  |TAMS 0x0000000702e00000, 0x0000000702e00000| Untracked 
|   6|0x0000000703000000, 0x0000000703200000, 0x0000000703200000|100%| O|  |TAMS 0x0000000703000000, 0x0000000703000000| Untracked 
|   7|0x0000000703200000, 0x0000000703400000, 0x0000000703400000|100%| O|  |TAMS 0x0000000703200000, 0x0000000703200000| Untracked 
|   8|0x0000000703400000, 0x0000000703600000, 0x0000000703600000|100%| O|  |TAMS 0x0000000703400000, 0x0000000703400000| Untracked 
|   9|0x0000000703600000, 0x0000000703800000, 0x0000000703800000|100%| O|  |TAMS 0x0000000703600000, 0x0000000703600000| Untracked 
|  10|0x0000000703800000, 0x0000000703a00000, 0x0000000703a00000|100%| O|  |TAMS 0x0000000703800000, 0x0000000703800000| Untracked 
|  11|0x0000000703a00000, 0x0000000703c00000, 0x0000000703c00000|100%| O|  |TAMS 0x0000000703a00000, 0x0000000703a00000| Untracked 
|  12|0x0000000703c00000, 0x0000000703e00000, 0x0000000703e00000|100%| O|  |TAMS 0x0000000703c00000, 0x0000000703c00000| Untracked 
|  13|0x0000000703e00000, 0x0000000704000000, 0x0000000704000000|100%| O|  |TAMS 0x0000000703e00000, 0x0000000703e00000| Untracked 
|  14|0x0000000704000000, 0x0000000704200000, 0x0000000704200000|100%| O|  |TAMS 0x0000000704000000, 0x0000000704000000| Untracked 
|  15|0x0000000704200000, 0x0000000704400000, 0x0000000704400000|100%| O|  |TAMS 0x0000000704200000, 0x0000000704200000| Untracked 
|  16|0x0000000704400000, 0x0000000704600000, 0x0000000704600000|100%|HS|  |TAMS 0x0000000704400000, 0x0000000704400000| Complete 
|  17|0x0000000704600000, 0x0000000704800000, 0x0000000704800000|100%| O|  |TAMS 0x0000000704600000, 0x0000000704600000| Untracked 
|  18|0x0000000704800000, 0x0000000704a00000, 0x0000000704a00000|100%| O|  |TAMS 0x0000000704800000, 0x0000000704800000| Untracked 
|  19|0x0000000704a00000, 0x0000000704c00000, 0x0000000704c00000|100%| O|  |TAMS 0x0000000704a00000, 0x0000000704a00000| Untracked 
|  20|0x0000000704c00000, 0x0000000704d8d400, 0x0000000704e00000| 77%| O|  |TAMS 0x0000000704c00000, 0x0000000704c00000| Untracked 
|  21|0x0000000704e00000, 0x0000000704e00000, 0x0000000705000000|  0%| F|  |TAMS 0x0000000704e00000, 0x0000000704e00000| Untracked 
|  22|0x0000000705000000, 0x0000000705000000, 0x0000000705200000|  0%| F|  |TAMS 0x0000000705000000, 0x0000000705000000| Untracked 
|  23|0x0000000705200000, 0x0000000705200000, 0x0000000705400000|  0%| F|  |TAMS 0x0000000705200000, 0x0000000705200000| Untracked 
|  24|0x0000000705400000, 0x0000000705400000, 0x0000000705600000|  0%| F|  |TAMS 0x0000000705400000, 0x0000000705400000| Untracked 
|  25|0x0000000705600000, 0x0000000705600000, 0x0000000705800000|  0%| F|  |TAMS 0x0000000705600000, 0x0000000705600000| Untracked 
|  26|0x0000000705800000, 0x0000000705800000, 0x0000000705a00000|  0%| F|  |TAMS 0x0000000705800000, 0x0000000705800000| Untracked 
|  27|0x0000000705a00000, 0x0000000705a00000, 0x0000000705c00000|  0%| F|  |TAMS 0x0000000705a00000, 0x0000000705a00000| Untracked 
|  28|0x0000000705c00000, 0x0000000705c00000, 0x0000000705e00000|  0%| F|  |TAMS 0x0000000705c00000, 0x0000000705c00000| Untracked 
|  29|0x0000000705e00000, 0x0000000705e00000, 0x0000000706000000|  0%| F|  |TAMS 0x0000000705e00000, 0x0000000705e00000| Untracked 
|  30|0x0000000706000000, 0x0000000706000000, 0x0000000706200000|  0%| F|  |TAMS 0x0000000706000000, 0x0000000706000000| Untracked 
|  31|0x0000000706200000, 0x0000000706200000, 0x0000000706400000|  0%| F|  |TAMS 0x0000000706200000, 0x0000000706200000| Untracked 
|  32|0x0000000706400000, 0x0000000706400000, 0x0000000706600000|  0%| F|  |TAMS 0x0000000706400000, 0x0000000706400000| Untracked 
|  33|0x0000000706600000, 0x0000000706600000, 0x0000000706800000|  0%| F|  |TAMS 0x0000000706600000, 0x0000000706600000| Untracked 
|  34|0x0000000706800000, 0x0000000706800000, 0x0000000706a00000|  0%| F|  |TAMS 0x0000000706800000, 0x0000000706800000| Untracked 
|  35|0x0000000706a00000, 0x0000000706a00000, 0x0000000706c00000|  0%| F|  |TAMS 0x0000000706a00000, 0x0000000706a00000| Untracked 
|  36|0x0000000706c00000, 0x0000000706c00000, 0x0000000706e00000|  0%| F|  |TAMS 0x0000000706c00000, 0x0000000706c00000| Untracked 
|  37|0x0000000706e00000, 0x0000000706e00000, 0x0000000707000000|  0%| F|  |TAMS 0x0000000706e00000, 0x0000000706e00000| Untracked 
|  38|0x0000000707000000, 0x00000007070a0f70, 0x0000000707200000| 31%| S|CS|TAMS 0x0000000707000000, 0x0000000707000000| Complete 
|  39|0x0000000707200000, 0x0000000707400000, 0x0000000707400000|100%| S|CS|TAMS 0x0000000707200000, 0x0000000707200000| Complete 
|  40|0x0000000707400000, 0x0000000707600000, 0x0000000707600000|100%| S|CS|TAMS 0x0000000707400000, 0x0000000707400000| Complete 
|  41|0x0000000707600000, 0x0000000707800000, 0x0000000707800000|100%| S|CS|TAMS 0x0000000707600000, 0x0000000707600000| Complete 
|  42|0x0000000707800000, 0x0000000707800000, 0x0000000707a00000|  0%| F|  |TAMS 0x0000000707800000, 0x0000000707800000| Untracked 
|  43|0x0000000707a00000, 0x0000000707a00000, 0x0000000707c00000|  0%| F|  |TAMS 0x0000000707a00000, 0x0000000707a00000| Untracked 
|  44|0x0000000707c00000, 0x0000000707c00000, 0x0000000707e00000|  0%| F|  |TAMS 0x0000000707c00000, 0x0000000707c00000| Untracked 
|  45|0x0000000707e00000, 0x0000000707e00000, 0x0000000708000000|  0%| F|  |TAMS 0x0000000707e00000, 0x0000000707e00000| Untracked 
|  46|0x0000000708000000, 0x0000000708000000, 0x0000000708200000|  0%| F|  |TAMS 0x0000000708000000, 0x0000000708000000| Untracked 
|  47|0x0000000708200000, 0x0000000708200000, 0x0000000708400000|  0%| F|  |TAMS 0x0000000708200000, 0x0000000708200000| Untracked 
|  48|0x0000000708400000, 0x0000000708400000, 0x0000000708600000|  0%| F|  |TAMS 0x0000000708400000, 0x0000000708400000| Untracked 
|  49|0x0000000708600000, 0x0000000708600000, 0x0000000708800000|  0%| F|  |TAMS 0x0000000708600000, 0x0000000708600000| Untracked 
|  50|0x0000000708800000, 0x0000000708800000, 0x0000000708a00000|  0%| F|  |TAMS 0x0000000708800000, 0x0000000708800000| Untracked 
|  51|0x0000000708a00000, 0x0000000708a00000, 0x0000000708c00000|  0%| F|  |TAMS 0x0000000708a00000, 0x0000000708a00000| Untracked 
|  52|0x0000000708c00000, 0x0000000708c00000, 0x0000000708e00000|  0%| F|  |TAMS 0x0000000708c00000, 0x0000000708c00000| Untracked 
|  53|0x0000000708e00000, 0x0000000708e00000, 0x0000000709000000|  0%| F|  |TAMS 0x0000000708e00000, 0x0000000708e00000| Untracked 
|  54|0x0000000709000000, 0x0000000709000000, 0x0000000709200000|  0%| F|  |TAMS 0x0000000709000000, 0x0000000709000000| Untracked 
|  55|0x0000000709200000, 0x0000000709200000, 0x0000000709400000|  0%| F|  |TAMS 0x0000000709200000, 0x0000000709200000| Untracked 
|  56|0x0000000709400000, 0x0000000709400000, 0x0000000709600000|  0%| F|  |TAMS 0x0000000709400000, 0x0000000709400000| Untracked 
|  57|0x0000000709600000, 0x0000000709600000, 0x0000000709800000|  0%| F|  |TAMS 0x0000000709600000, 0x0000000709600000| Untracked 
|  58|0x0000000709800000, 0x0000000709800000, 0x0000000709a00000|  0%| F|  |TAMS 0x0000000709800000, 0x0000000709800000| Untracked 
|  59|0x0000000709a00000, 0x0000000709a00000, 0x0000000709c00000|  0%| F|  |TAMS 0x0000000709a00000, 0x0000000709a00000| Untracked 
|  60|0x0000000709c00000, 0x0000000709c00000, 0x0000000709e00000|  0%| F|  |TAMS 0x0000000709c00000, 0x0000000709c00000| Untracked 
|  61|0x0000000709e00000, 0x0000000709fb9138, 0x000000070a000000| 86%| E|  |TAMS 0x0000000709e00000, 0x0000000709e00000| Complete 
|  62|0x000000070a000000, 0x000000070a200000, 0x000000070a200000|100%| E|CS|TAMS 0x000000070a000000, 0x000000070a000000| Complete 
|  63|0x000000070a200000, 0x000000070a400000, 0x000000070a400000|100%| E|CS|TAMS 0x000000070a200000, 0x000000070a200000| Complete 
|  64|0x000000070a400000, 0x000000070a600000, 0x000000070a600000|100%| E|CS|TAMS 0x000000070a400000, 0x000000070a400000| Complete 
|  65|0x000000070a600000, 0x000000070a800000, 0x000000070a800000|100%| E|CS|TAMS 0x000000070a600000, 0x000000070a600000| Complete 
|  66|0x000000070a800000, 0x000000070aa00000, 0x000000070aa00000|100%| E|CS|TAMS 0x000000070a800000, 0x000000070a800000| Complete 
|  67|0x000000070aa00000, 0x000000070ac00000, 0x000000070ac00000|100%| E|CS|TAMS 0x000000070aa00000, 0x000000070aa00000| Complete 
|  68|0x000000070ac00000, 0x000000070ae00000, 0x000000070ae00000|100%| E|CS|TAMS 0x000000070ac00000, 0x000000070ac00000| Complete 
|  69|0x000000070ae00000, 0x000000070b000000, 0x000000070b000000|100%| E|CS|TAMS 0x000000070ae00000, 0x000000070ae00000| Complete 
|  70|0x000000070b000000, 0x000000070b200000, 0x000000070b200000|100%| E|CS|TAMS 0x000000070b000000, 0x000000070b000000| Complete 
|  71|0x000000070b200000, 0x000000070b400000, 0x000000070b400000|100%| E|CS|TAMS 0x000000070b200000, 0x000000070b200000| Complete 
|  72|0x000000070b400000, 0x000000070b600000, 0x000000070b600000|100%| E|CS|TAMS 0x000000070b400000, 0x000000070b400000| Complete 
|  73|0x000000070b600000, 0x000000070b800000, 0x000000070b800000|100%| E|CS|TAMS 0x000000070b600000, 0x000000070b600000| Complete 
|  74|0x000000070b800000, 0x000000070ba00000, 0x000000070ba00000|100%| E|CS|TAMS 0x000000070b800000, 0x000000070b800000| Complete 
|  75|0x000000070ba00000, 0x000000070bc00000, 0x000000070bc00000|100%| E|CS|TAMS 0x000000070ba00000, 0x000000070ba00000| Complete 
|  76|0x000000070bc00000, 0x000000070be00000, 0x000000070be00000|100%| E|CS|TAMS 0x000000070bc00000, 0x000000070bc00000| Complete 
|  77|0x000000070be00000, 0x000000070c000000, 0x000000070c000000|100%| E|CS|TAMS 0x000000070be00000, 0x000000070be00000| Complete 
|  78|0x000000070c000000, 0x000000070c200000, 0x000000070c200000|100%| E|CS|TAMS 0x000000070c000000, 0x000000070c000000| Complete 
|  79|0x000000070c200000, 0x000000070c400000, 0x000000070c400000|100%| E|CS|TAMS 0x000000070c200000, 0x000000070c200000| Complete 
|  80|0x000000070c400000, 0x000000070c600000, 0x000000070c600000|100%| E|CS|TAMS 0x000000070c400000, 0x000000070c400000| Complete 
|  81|0x000000070c600000, 0x000000070c800000, 0x000000070c800000|100%| E|CS|TAMS 0x000000070c600000, 0x000000070c600000| Complete 
|  82|0x000000070c800000, 0x000000070ca00000, 0x000000070ca00000|100%| E|CS|TAMS 0x000000070c800000, 0x000000070c800000| Complete 
|  83|0x000000070ca00000, 0x000000070cc00000, 0x000000070cc00000|100%| E|CS|TAMS 0x000000070ca00000, 0x000000070ca00000| Complete 
|  84|0x000000070cc00000, 0x000000070ce00000, 0x000000070ce00000|100%| E|CS|TAMS 0x000000070cc00000, 0x000000070cc00000| Complete 
|  85|0x000000070ce00000, 0x000000070d000000, 0x000000070d000000|100%| E|CS|TAMS 0x000000070ce00000, 0x000000070ce00000| Complete 
|  86|0x000000070d000000, 0x000000070d200000, 0x000000070d200000|100%| E|CS|TAMS 0x000000070d000000, 0x000000070d000000| Complete 
|  87|0x000000070d200000, 0x000000070d400000, 0x000000070d400000|100%| E|CS|TAMS 0x000000070d200000, 0x000000070d200000| Complete 
|  88|0x000000070d400000, 0x000000070d600000, 0x000000070d600000|100%| E|CS|TAMS 0x000000070d400000, 0x000000070d400000| Complete 
|  89|0x000000070d600000, 0x000000070d800000, 0x000000070d800000|100%| E|CS|TAMS 0x000000070d600000, 0x000000070d600000| Complete 
|  90|0x000000070d800000, 0x000000070da00000, 0x000000070da00000|100%| E|CS|TAMS 0x000000070d800000, 0x000000070d800000| Complete 
|  91|0x000000070da00000, 0x000000070dc00000, 0x000000070dc00000|100%| E|CS|TAMS 0x000000070da00000, 0x000000070da00000| Complete 
| 126|0x0000000712000000, 0x0000000712200000, 0x0000000712200000|100%| E|CS|TAMS 0x0000000712000000, 0x0000000712000000| Complete 

Card table byte_map: [0x000001ee183f0000,0x000001ee18be0000] _byte_map_base: 0x000001ee14bde000

Marking Bits (Prev, Next): (CMBitMap*) 0x000001ee7f663280, (CMBitMap*) 0x000001ee7f663240
 Prev Bits: [0x000001ee1d340000, 0x000001ee212b0000)
 Next Bits: [0x000001ee193d0000, 0x000001ee1d340000)

Polling page: 0x000001ee7e930000

Metaspace:

Usage:
  Non-class:     25.26 MB used.
      Class:      3.17 MB used.
       Both:     28.43 MB used.

Virtual space:
  Non-class space:       64.00 MB reserved,      25.44 MB ( 40%) committed,  1 nodes.
      Class space:        1.00 GB reserved,       3.25 MB ( <1%) committed,  1 nodes.
             Both:        1.06 GB reserved,      28.69 MB (  3%) committed. 

Chunk freelists:
   Non-Class:  6.30 MB
       Class:  12.69 MB
        Both:  18.99 MB

MaxMetaspaceSize: unlimited
CompressedClassSpaceSize: 1.00 GB
Initial GC threshold: 21.00 MB
Current GC threshold: 35.44 MB
CDS: on
MetaspaceReclaimPolicy: balanced
 - commit_granule_bytes: 65536.
 - commit_granule_words: 8192.
 - virtual_space_node_default_size: 8388608.
 - enlarge_chunks_in_place: 1.
 - new_chunks_are_fully_committed: 0.
 - uncommit_free_chunks: 1.
 - use_allocation_guard: 0.
 - handle_deallocations: 1.


Internal statistics:

num_allocs_failed_limit: 3.
num_arena_births: 196.
num_arena_deaths: 0.
num_vsnodes_births: 2.
num_vsnodes_deaths: 0.
num_space_committed: 459.
num_space_uncommitted: 0.
num_chunks_returned_to_freelist: 3.
num_chunks_taken_from_freelist: 1248.
num_chunk_merges: 3.
num_chunk_splits: 880.
num_chunks_enlarged: 697.
num_inconsistent_stats: 0.

CodeHeap 'non-profiled nmethods': size=120000Kb used=3993Kb max_used=3993Kb free=116006Kb
 bounds [0x000001ee106d0000, 0x000001ee10af0000, 0x000001ee17c00000]
CodeHeap 'profiled nmethods': size=120000Kb used=14658Kb max_used=16061Kb free=105341Kb
 bounds [0x000001ee08c00000, 0x000001ee09bc0000, 0x000001ee10130000]
CodeHeap 'non-nmethods': size=5760Kb used=1204Kb max_used=1323Kb free=4556Kb
 bounds [0x000001ee10130000, 0x000001ee103a0000, 0x000001ee106d0000]
 total_blobs=7463 nmethods=6960 adapters=415
 compilation: enabled
              stopped_count=0, restarted_count=0
 full_count=0

Compilation events (20 events):
Event: 12.610 Thread 0x000001ee239483f0 8817       2       java.lang.ProcessEnvironment$CheckedEntry::getKey (13 bytes)
Event: 12.610 Thread 0x000001ee239483f0 nmethod 8817 0x000001ee099aba10 code [0x000001ee099abbc0, 0x000001ee099abd28]
Event: 12.610 Thread 0x000001ee239483f0 8818       2       java.lang.ProcessEnvironment$EntryComparator::compare (13 bytes)
Event: 12.611 Thread 0x000001ee239483f0 nmethod 8818 0x000001ee0965fe90 code [0x000001ee09660060, 0x000001ee09660328]
Event: 12.611 Thread 0x000001ee239483f0 8819       2       java.lang.ProcessEnvironment$EntryComparator::compare (25 bytes)
Event: 12.611 Thread 0x000001ee239483f0 nmethod 8819 0x000001ee09798f10 code [0x000001ee097990e0, 0x000001ee097992e8]
Event: 12.611 Thread 0x000001ee239483f0 8814       2       java.lang.ProcessEnvironment$CheckedEntrySet$1::next (5 bytes)
Event: 12.611 Thread 0x000001ee239483f0 nmethod 8814 0x000001ee095f5f10 code [0x000001ee095f60c0, 0x000001ee095f6308]
Event: 12.620 Thread 0x000001ee239483f0 8822       2       java.lang.System::getProperty (25 bytes)
Event: 12.621 Thread 0x000001ee239483f0 nmethod 8822 0x000001ee097ee410 code [0x000001ee097ee5e0, 0x000001ee097ee8f8]
Event: 12.705 Thread 0x000001ee2393c9c0 nmethod 8725 0x000001ee109b9290 code [0x000001ee109b98a0, 0x000001ee109bc6e8]
Event: 12.705 Thread 0x000001ee2393c9c0 8532       4       com.sun.tools.javac.code.Types$HasSameArgs::visitMethodType (37 bytes)
Event: 12.715 Thread 0x000001ee2393c9c0 nmethod 8532 0x000001ee10926010 code [0x000001ee10926200, 0x000001ee10926798]
Event: 12.715 Thread 0x000001ee2393c9c0 8037       4       com.sun.tools.javac.code.Symbol$CompletionFailure::resetDiagnostic (11 bytes)
Event: 12.717 Thread 0x000001ee2393c9c0 nmethod 8037 0x000001ee10925a10 code [0x000001ee10925b80, 0x000001ee10925d58]
Event: 12.717 Thread 0x000001ee2393c9c0 8181       4       com.sun.tools.javac.comp.Resolve::isAccessible (79 bytes)
Event: 12.724 Thread 0x000001ee2393c9c0 nmethod 8181 0x000001ee109cbb10 code [0x000001ee109cbce0, 0x000001ee109cc068]
Event: 12.724 Thread 0x000001ee2393c9c0 7700   !   4       com.sun.tools.javac.code.ClassFinder::complete (166 bytes)
Event: 12.738 Thread 0x000001ee239483f0 8825       2       java.io.FileInputStream::available (5 bytes)
Event: 12.738 Thread 0x000001ee239483f0 nmethod 8825 0x000001ee09678110 code [0x000001ee096782a0, 0x000001ee096783c8]

GC Heap History (20 events):
Event: 2.141 GC heap before
{Heap before GC invocations=1 (full 0):
 garbage-first heap   total 260096K, used 34386K [0x0000000702400000, 0x0000000800000000)
  region size 2048K, 17 young (34816K), 2 survivors (4096K)
 Metaspace       used 9234K, committed 9408K, reserved 1114112K
  class space    used 1121K, committed 1216K, reserved 1048576K
}
Event: 2.147 GC heap after
{Heap after GC invocations=2 (full 0):
 garbage-first heap   total 260096K, used 5104K [0x0000000702400000, 0x0000000800000000)
  region size 2048K, 1 young (2048K), 1 survivors (2048K)
 Metaspace       used 9234K, committed 9408K, reserved 1114112K
  class space    used 1121K, committed 1216K, reserved 1048576K
}
Event: 5.771 GC heap before
{Heap before GC invocations=2 (full 0):
 garbage-first heap   total 260096K, used 103408K [0x0000000702400000, 0x0000000800000000)
  region size 2048K, 50 young (102400K), 1 survivors (2048K)
 Metaspace       used 21253K, committed 21504K, reserved 1114112K
  class space    used 2563K, committed 2688K, reserved 1048576K
}
Event: 5.783 GC heap after
{Heap after GC invocations=3 (full 0):
 garbage-first heap   total 260096K, used 12941K [0x0000000702400000, 0x0000000800000000)
  region size 2048K, 5 young (10240K), 5 survivors (10240K)
 Metaspace       used 21253K, committed 21504K, reserved 1114112K
  class space    used 2563K, committed 2688K, reserved 1048576K
}
Event: 6.302 GC heap before
{Heap before GC invocations=4 (full 0):
 garbage-first heap   total 55296K, used 35469K [0x0000000702400000, 0x0000000800000000)
  region size 2048K, 16 young (32768K), 5 survivors (10240K)
 Metaspace       used 24108K, committed 24384K, reserved 1114112K
  class space    used 2839K, committed 2944K, reserved 1048576K
}
Event: 6.318 GC heap after
{Heap after GC invocations=5 (full 0):
 garbage-first heap   total 55296K, used 20009K [0x0000000702400000, 0x0000000800000000)
  region size 2048K, 2 young (4096K), 2 survivors (4096K)
 Metaspace       used 24108K, committed 24384K, reserved 1114112K
  class space    used 2839K, committed 2944K, reserved 1048576K
}
Event: 6.348 GC heap before
{Heap before GC invocations=5 (full 0):
 garbage-first heap   total 55296K, used 22057K [0x0000000702400000, 0x0000000800000000)
  region size 2048K, 3 young (6144K), 2 survivors (4096K)
 Metaspace       used 24110K, committed 24384K, reserved 1114112K
  class space    used 2839K, committed 2944K, reserved 1048576K
}
Event: 6.357 GC heap after
{Heap after GC invocations=6 (full 0):
 garbage-first heap   total 55296K, used 22021K [0x0000000702400000, 0x0000000800000000)
  region size 2048K, 1 young (2048K), 1 survivors (2048K)
 Metaspace       used 24110K, committed 24384K, reserved 1114112K
  class space    used 2839K, committed 2944K, reserved 1048576K
}
Event: 6.558 GC heap before
{Heap before GC invocations=6 (full 0):
 garbage-first heap   total 55296K, used 38405K [0x0000000702400000, 0x0000000800000000)
  region size 2048K, 9 young (18432K), 1 survivors (2048K)
 Metaspace       used 24266K, committed 24512K, reserved 1114112K
  class space    used 2854K, committed 2944K, reserved 1048576K
}
Event: 6.568 GC heap after
{Heap after GC invocations=7 (full 0):
 garbage-first heap   total 55296K, used 25719K [0x0000000702400000, 0x0000000800000000)
  region size 2048K, 2 young (4096K), 2 survivors (4096K)
 Metaspace       used 24266K, committed 24512K, reserved 1114112K
  class space    used 2854K, committed 2944K, reserved 1048576K
}
Event: 6.808 GC heap before
{Heap before GC invocations=7 (full 0):
 garbage-first heap   total 55296K, used 40055K [0x0000000702400000, 0x0000000800000000)
  region size 2048K, 9 young (18432K), 2 survivors (4096K)
 Metaspace       used 24762K, committed 25088K, reserved 1114112K
  class space    used 2908K, committed 3072K, reserved 1048576K
}
Event: 6.820 GC heap after
{Heap after GC invocations=8 (full 0):
 garbage-first heap   total 157696K, used 31224K [0x0000000702400000, 0x0000000800000000)
  region size 2048K, 2 young (4096K), 2 survivors (4096K)
 Metaspace       used 24762K, committed 25088K, reserved 1114112K
  class space    used 2908K, committed 3072K, reserved 1048576K
}
Event: 7.862 GC heap before
{Heap before GC invocations=8 (full 0):
 garbage-first heap   total 157696K, used 96760K [0x0000000702400000, 0x0000000800000000)
  region size 2048K, 34 young (69632K), 2 survivors (4096K)
 Metaspace       used 26079K, committed 26368K, reserved 1114112K
  class space    used 3009K, committed 3136K, reserved 1048576K
}
Event: 7.886 GC heap after
{Heap after GC invocations=9 (full 0):
 garbage-first heap   total 157696K, used 41450K [0x0000000702400000, 0x0000000800000000)
  region size 2048K, 5 young (10240K), 5 survivors (10240K)
 Metaspace       used 26079K, committed 26368K, reserved 1114112K
  class space    used 3009K, committed 3136K, reserved 1048576K
}
Event: 9.403 GC heap before
{Heap before GC invocations=9 (full 0):
 garbage-first heap   total 157696K, used 104938K [0x0000000702400000, 0x0000000800000000)
  region size 2048K, 35 young (71680K), 5 survivors (10240K)
 Metaspace       used 27917K, committed 28224K, reserved 1114112K
  class space    used 3182K, committed 3328K, reserved 1048576K
}
Event: 9.423 GC heap after
{Heap after GC invocations=10 (full 0):
 garbage-first heap   total 157696K, used 47143K [0x0000000702400000, 0x0000000800000000)
  region size 2048K, 3 young (6144K), 3 survivors (6144K)
 Metaspace       used 27917K, committed 28224K, reserved 1114112K
  class space    used 3182K, committed 3328K, reserved 1048576K
}
Event: 10.478 GC heap before
{Heap before GC invocations=10 (full 0):
 garbage-first heap   total 157696K, used 108583K [0x0000000702400000, 0x0000000800000000)
  region size 2048K, 33 young (67584K), 3 survivors (6144K)
 Metaspace       used 28325K, committed 28672K, reserved 1114112K
  class space    used 3188K, committed 3328K, reserved 1048576K
}
Event: 10.492 GC heap after
{Heap after GC invocations=11 (full 0):
 garbage-first heap   total 157696K, used 47884K [0x0000000702400000, 0x0000000800000000)
  region size 2048K, 3 young (6144K), 3 survivors (6144K)
 Metaspace       used 28325K, committed 28672K, reserved 1114112K
  class space    used 3188K, committed 3328K, reserved 1048576K
}
Event: 11.522 GC heap before
{Heap before GC invocations=11 (full 0):
 garbage-first heap   total 157696K, used 113420K [0x0000000702400000, 0x0000000800000000)
  region size 2048K, 35 young (71680K), 3 survivors (6144K)
 Metaspace       used 28568K, committed 28864K, reserved 1114112K
  class space    used 3196K, committed 3328K, reserved 1048576K
}
Event: 11.541 GC heap after
{Heap after GC invocations=12 (full 0):
 garbage-first heap   total 190464K, used 49336K [0x0000000702400000, 0x0000000800000000)
  region size 2048K, 4 young (8192K), 4 survivors (8192K)
 Metaspace       used 28568K, committed 28864K, reserved 1114112K
  class space    used 3196K, committed 3328K, reserved 1048576K
}

Deoptimization events (20 events):
Event: 12.609 Thread 0x000001ee7f5f6b30 Uncommon trap: trap_request=0xffffffbe fr.pc=0x000001ee107c8630 relative=0x0000000000001fd0
Event: 12.609 Thread 0x000001ee7f5f6b30 Uncommon trap: reason=profile_predicate action=maybe_recompile pc=0x000001ee107c8630 method=java.util.TimSort.binarySort([Ljava/lang/Object;IIILjava/util/Comparator;)V @ 34 c2
Event: 12.609 Thread 0x000001ee7f5f6b30 DEOPT PACKING pc=0x000001ee107c8630 sp=0x000000b5c5cfd3a0
Event: 12.609 Thread 0x000001ee7f5f6b30 DEOPT UNPACKING pc=0x000001ee101823a3 sp=0x000000b5c5cfd380 mode 2
Event: 12.609 Thread 0x000001ee7f5f6b30 Uncommon trap: trap_request=0xffffffbe fr.pc=0x000001ee107c8630 relative=0x0000000000001fd0
Event: 12.609 Thread 0x000001ee7f5f6b30 Uncommon trap: reason=profile_predicate action=maybe_recompile pc=0x000001ee107c8630 method=java.util.TimSort.binarySort([Ljava/lang/Object;IIILjava/util/Comparator;)V @ 34 c2
Event: 12.609 Thread 0x000001ee7f5f6b30 DEOPT PACKING pc=0x000001ee107c8630 sp=0x000000b5c5cfd3a0
Event: 12.609 Thread 0x000001ee7f5f6b30 DEOPT UNPACKING pc=0x000001ee101823a3 sp=0x000000b5c5cfd380 mode 2
Event: 12.609 Thread 0x000001ee7f5f6b30 Uncommon trap: trap_request=0xffffffbe fr.pc=0x000001ee107c8630 relative=0x0000000000001fd0
Event: 12.609 Thread 0x000001ee7f5f6b30 Uncommon trap: reason=profile_predicate action=maybe_recompile pc=0x000001ee107c8630 method=java.util.TimSort.binarySort([Ljava/lang/Object;IIILjava/util/Comparator;)V @ 34 c2
Event: 12.609 Thread 0x000001ee7f5f6b30 DEOPT PACKING pc=0x000001ee107c8630 sp=0x000000b5c5cfd3a0
Event: 12.609 Thread 0x000001ee7f5f6b30 DEOPT UNPACKING pc=0x000001ee101823a3 sp=0x000000b5c5cfd380 mode 2
Event: 12.609 Thread 0x000001ee7f5f6b30 Uncommon trap: trap_request=0xffffffbe fr.pc=0x000001ee107c8630 relative=0x0000000000001fd0
Event: 12.609 Thread 0x000001ee7f5f6b30 Uncommon trap: reason=profile_predicate action=maybe_recompile pc=0x000001ee107c8630 method=java.util.TimSort.binarySort([Ljava/lang/Object;IIILjava/util/Comparator;)V @ 34 c2
Event: 12.609 Thread 0x000001ee7f5f6b30 DEOPT PACKING pc=0x000001ee107c8630 sp=0x000000b5c5cfd3a0
Event: 12.610 Thread 0x000001ee7f5f6b30 DEOPT UNPACKING pc=0x000001ee101823a3 sp=0x000000b5c5cfd380 mode 2
Event: 12.617 Thread 0x000001ee7f5f6b30 Uncommon trap: trap_request=0xffffff45 fr.pc=0x000001ee10901038 relative=0x0000000000002238
Event: 12.617 Thread 0x000001ee7f5f6b30 Uncommon trap: reason=unstable_if action=reinterpret pc=0x000001ee10901038 method=jdk.internal.org.objectweb.asm.Frame.execute(IILjdk/internal/org/objectweb/asm/Symbol;Ljdk/internal/org/objectweb/asm/SymbolTable;)V @ 1 c2
Event: 12.617 Thread 0x000001ee7f5f6b30 DEOPT PACKING pc=0x000001ee10901038 sp=0x000000b5c5cfbbb0
Event: 12.617 Thread 0x000001ee7f5f6b30 DEOPT UNPACKING pc=0x000001ee101823a3 sp=0x000000b5c5cfbb68 mode 2

Classes unloaded (0 events):
No events

Classes redefined (0 events):
No events

Internal exceptions (20 events):
Event: 12.338 Thread 0x000001ee7f5f6b30 Exception <a 'sun/nio/fs/WindowsException'{0x000000070a85f038}> (0x000000070a85f038) 
thrown [s\open\src\hotspot\share\prims\jni.cpp, line 516]
Event: 12.341 Thread 0x000001ee7f5f6b30 Exception <a 'sun/nio/fs/WindowsException'{0x000000070a862970}> (0x000000070a862970) 
thrown [s\open\src\hotspot\share\prims\jni.cpp, line 516]
Event: 12.343 Thread 0x000001ee7f5f6b30 Exception <a 'sun/nio/fs/WindowsException'{0x000000070a866268}> (0x000000070a866268) 
thrown [s\open\src\hotspot\share\prims\jni.cpp, line 516]
Event: 12.345 Thread 0x000001ee7f5f6b30 Exception <a 'sun/nio/fs/WindowsException'{0x000000070a869b38}> (0x000000070a869b38) 
thrown [s\open\src\hotspot\share\prims\jni.cpp, line 516]
Event: 12.347 Thread 0x000001ee7f5f6b30 Exception <a 'sun/nio/fs/WindowsException'{0x000000070a86deb0}> (0x000000070a86deb0) 
thrown [s\open\src\hotspot\share\prims\jni.cpp, line 516]
Event: 12.351 Thread 0x000001ee7f5f6b30 Exception <a 'sun/nio/fs/WindowsException'{0x000000070a891cd0}> (0x000000070a891cd0) 
thrown [s\open\src\hotspot\share\prims\jni.cpp, line 516]
Event: 12.400 Thread 0x000001ee7f5f6b30 Exception <a 'sun/nio/fs/WindowsException'{0x000000070a7f6308}> (0x000000070a7f6308) 
thrown [s\open\src\hotspot\share\prims\jni.cpp, line 516]
Event: 12.402 Thread 0x000001ee7f5f6b30 Exception <a 'sun/nio/fs/WindowsException'{0x000000070a7fa380}> (0x000000070a7fa380) 
thrown [s\open\src\hotspot\share\prims\jni.cpp, line 516]
Event: 12.405 Thread 0x000001ee7f5f6b30 Exception <a 'sun/nio/fs/WindowsException'{0x000000070a7fe588}> (0x000000070a7fe588) 
thrown [s\open\src\hotspot\share\prims\jni.cpp, line 516]
Event: 12.406 Thread 0x000001ee7f5f6b30 Exception <a 'sun/nio/fs/WindowsException'{0x000000070a402c28}> (0x000000070a402c28) 
thrown [s\open\src\hotspot\share\prims\jni.cpp, line 516]
Event: 12.409 Thread 0x000001ee7f5f6b30 Exception <a 'sun/nio/fs/WindowsException'{0x000000070a406e30}> (0x000000070a406e30) 
thrown [s\open\src\hotspot\share\prims\jni.cpp, line 516]
Event: 12.411 Thread 0x000001ee7f5f6b30 Exception <a 'sun/nio/fs/WindowsException'{0x000000070a40a438}> (0x000000070a40a438) 
thrown [s\open\src\hotspot\share\prims\jni.cpp, line 516]
Event: 12.415 Thread 0x000001ee7f5f6b30 Exception <a 'sun/nio/fs/WindowsException'{0x000000070a42f928}> (0x000000070a42f928) 
thrown [s\open\src\hotspot\share\prims\jni.cpp, line 516]
Event: 12.428 Thread 0x000001ee7f5f6b30 Exception <a 'sun/nio/fs/WindowsException'{0x000000070a4ab310}> (0x000000070a4ab310) 
thrown [s\open\src\hotspot\share\prims\jni.cpp, line 516]
Event: 12.444 Thread 0x000001ee7f5f6b30 Exception <a 'sun/nio/fs/WindowsException'{0x000000070a548d60}> (0x000000070a548d60) 
thrown [s\open\src\hotspot\share\prims\jni.cpp, line 516]
Event: 12.617 Thread 0x000001ee7f5f6b30 Exception <a 'java/lang/NoSuchMethodError'{0x000000070a1ba5e0}: 'void java.lang.invoke.DirectMethodHandle$Holder.invokeStatic(java.lang.Object, long)'> (0x000000070a1ba5e0) 
thrown [s\open\src\hotspot\share\interpreter\linkResolver.cpp, line 759]
Event: 12.618 Thread 0x000001ee7f5f6b30 Exception <a 'java/lang/NoSuchMethodError'{0x000000070a1bfc30}: 'java.lang.Object java.lang.invoke.DirectMethodHandle$Holder.newInvokeSpecial(java.lang.Object, long)'> (0x000000070a1bfc30) 
thrown [s\open\src\hotspot\share\interpreter\linkResolver.cpp, line 759]
Event: 12.621 Thread 0x000001ee7f5f6b30 Exception <a 'java/lang/NoSuchMethodError'{0x000000070a1ca568}: 'java.lang.Object java.lang.invoke.DirectMethodHandle$Holder.invokeStaticInit(java.lang.Object, java.lang.Object, long, java.lang.Object)'> (0x000000070a1ca568) 
thrown [s\open\src\hotspot\share\interpreter\linkResolver.cpp, line 759]
Event: 12.622 Thread 0x000001ee7f5f6b30 Exception <a 'java/lang/NoSuchMethodError'{0x000000070a1d0bb0}: 'java.lang.Object java.lang.invoke.DirectMethodHandle$Holder.newInvokeSpecial(java.lang.Object, java.lang.Object, long)'> (0x000000070a1d0bb0) 
thrown [s\open\src\hotspot\share\interpreter\linkResolver.cpp, line 759]
Event: 12.622 Thread 0x000001ee7f5f6b30 Exception <a 'java/lang/NoSuchMethodError'{0x000000070a1d4720}: 'java.lang.Object java.lang.invoke.Invokers$Holder.linkToTargetMethod(java.lang.Object, long, java.lang.Object)'> (0x000000070a1d4720) 
thrown [s\open\src\hotspot\share\interpreter\linkResolver.cpp, line 759]

VM Operations (20 events):
Event: 10.477 Executing VM operation: G1CollectForAllocation
Event: 10.492 Executing VM operation: G1CollectForAllocation done
Event: 10.885 Executing VM operation: ICBufferFull
Event: 10.885 Executing VM operation: ICBufferFull done
Event: 10.899 Executing VM operation: HandshakeAllThreads
Event: 10.899 Executing VM operation: HandshakeAllThreads done
Event: 10.945 Executing VM operation: HandshakeAllThreads
Event: 10.945 Executing VM operation: HandshakeAllThreads done
Event: 10.982 Executing VM operation: HandshakeAllThreads
Event: 10.982 Executing VM operation: HandshakeAllThreads done
Event: 11.038 Executing VM operation: ICBufferFull
Event: 11.038 Executing VM operation: ICBufferFull done
Event: 11.317 Executing VM operation: ICBufferFull
Event: 11.317 Executing VM operation: ICBufferFull done
Event: 11.522 Executing VM operation: G1CollectForAllocation
Event: 11.541 Executing VM operation: G1CollectForAllocation done
Event: 12.047 Executing VM operation: ICBufferFull
Event: 12.047 Executing VM operation: ICBufferFull done
Event: 12.625 Executing VM operation: HandshakeAllThreads
Event: 12.626 Executing VM operation: HandshakeAllThreads done

Events (20 events):
Event: 12.623 loading class java/util/concurrent/SynchronousQueue done
Event: 12.624 loading class java/util/concurrent/SynchronousQueue$TransferStack
Event: 12.624 loading class java/util/concurrent/SynchronousQueue$Transferer
Event: 12.624 loading class java/util/concurrent/SynchronousQueue$Transferer done
Event: 12.624 loading class java/util/concurrent/SynchronousQueue$TransferStack done
Event: 12.624 loading class java/util/concurrent/SynchronousQueue$TransferStack$SNode
Event: 12.624 loading class java/util/concurrent/ForkJoinPool$ManagedBlocker
Event: 12.624 loading class java/util/concurrent/ForkJoinPool$ManagedBlocker done
Event: 12.624 loading class java/util/concurrent/SynchronousQueue$TransferStack$SNode done
Event: 12.624 loading class java/lang/ProcessImpl$2
Event: 12.624 loading class java/lang/ProcessImpl$2 done
Event: 12.624 loading class java/lang/Process$PipeInputStream
Event: 12.624 loading class java/lang/Process$PipeInputStream done
Event: 12.626 loading class jdk/internal/event/ProcessStartEvent
Event: 12.626 loading class jdk/internal/event/ProcessStartEvent done
Event: 12.627 loading class java/io/PipedOutputStream
Event: 12.627 loading class java/io/PipedOutputStream done
Event: 12.628 Thread 0x000001ee6bf4f3b0 Thread added: 0x000001ee6bf4f3b0
Event: 12.628 Thread 0x000001ee6bf4fdd0 Thread added: 0x000001ee6bf4fdd0
Event: 12.628 Thread 0x000001ee6bf4f8c0 Thread added: 0x000001ee6bf4f8c0


Dynamic libraries:
0x00007ff68c8c0000 - 0x00007ff68c8d0000 	C:\Program Files\Java\jdk-17\bin\java.exe
0x00007ffcfafc0000 - 0x00007ffcfb223000 	C:\WINDOWS\SYSTEM32\ntdll.dll
0x00007ffcfa230000 - 0x00007ffcfa2f7000 	C:\WINDOWS\System32\KERNEL32.DLL
0x00007ffcf85d0000 - 0x00007ffcf8971000 	C:\WINDOWS\System32\KERNELBASE.dll
0x00007ffcf8480000 - 0x00007ffcf85cb000 	C:\WINDOWS\System32\ucrtbase.dll
0x00007ffcf1710000 - 0x00007ffcf172b000 	C:\Program Files\Java\jdk-17\bin\VCRUNTIME140.dll
0x00007ffce17c0000 - 0x00007ffce17d9000 	C:\Program Files\Java\jdk-17\bin\jli.dll
0x00007ffcfa630000 - 0x00007ffcfa6e2000 	C:\WINDOWS\System32\ADVAPI32.dll
0x00007ffcfa8c0000 - 0x00007ffcfa969000 	C:\WINDOWS\System32\msvcrt.dll
0x00007ffcf92f0000 - 0x00007ffcf9397000 	C:\WINDOWS\System32\sechost.dll
0x00007ffcfa9d0000 - 0x00007ffcfaae6000 	C:\WINDOWS\System32\RPCRT4.dll
0x00007ffcf90c0000 - 0x00007ffcf9283000 	C:\WINDOWS\System32\USER32.dll
0x00007ffcdcaa0000 - 0x00007ffcdcd30000 	C:\WINDOWS\WinSxS\amd64_microsoft.windows.common-controls_6595b64144ccf1df_6.0.26100.1542_none_3e0a93dee33263f1\COMCTL32.dll
0x00007ffcf92c0000 - 0x00007ffcf92ea000 	C:\WINDOWS\System32\GDI32.dll
0x00007ffcf8cf0000 - 0x00007ffcf8d17000 	C:\WINDOWS\System32\win32u.dll
0x00007ffcf8980000 - 0x00007ffcf8aa1000 	C:\WINDOWS\System32\gdi32full.dll
0x00007ffcf83d0000 - 0x00007ffcf8473000 	C:\WINDOWS\System32\msvcp_win.dll
0x00007ffcec1b0000 - 0x00007ffcec1bb000 	C:\WINDOWS\SYSTEM32\VERSION.dll
0x00007ffcf9080000 - 0x00007ffcf90af000 	C:\WINDOWS\System32\IMM32.DLL
0x00007ffcf0ed0000 - 0x00007ffcf0edc000 	C:\Program Files\Java\jdk-17\bin\vcruntime140_1.dll
0x00007ffcb5120000 - 0x00007ffcb51ae000 	C:\Program Files\Java\jdk-17\bin\msvcp140.dll
0x00007ffc84320000 - 0x00007ffc84f00000 	C:\Program Files\Java\jdk-17\bin\server\jvm.dll
0x00007ffcfa8b0000 - 0x00007ffcfa8b8000 	C:\WINDOWS\System32\PSAPI.DLL
0x00007ffcd6bb0000 - 0x00007ffcd6bba000 	C:\WINDOWS\SYSTEM32\WSOCK32.dll
0x00007ffcfa5b0000 - 0x00007ffcfa624000 	C:\WINDOWS\System32\WS2_32.dll
0x00007ffcbd230000 - 0x00007ffcbd266000 	C:\WINDOWS\SYSTEM32\WINMM.dll
0x00007ffcf7240000 - 0x00007ffcf725a000 	C:\WINDOWS\SYSTEM32\kernel.appcore.dll
0x00007ffcf0b90000 - 0x00007ffcf0b9a000 	C:\Program Files\Java\jdk-17\bin\jimage.dll
0x00007ffcf5e30000 - 0x00007ffcf6071000 	C:\WINDOWS\SYSTEM32\DBGHELP.DLL
0x00007ffcf9520000 - 0x00007ffcf989c000 	C:\WINDOWS\System32\combase.dll
0x00007ffcfa150000 - 0x00007ffcfa226000 	C:\WINDOWS\System32\OLEAUT32.dll
0x00007ffceacc0000 - 0x00007ffceacf9000 	C:\WINDOWS\SYSTEM32\dbgcore.DLL
0x00007ffcf8da0000 - 0x00007ffcf8e39000 	C:\WINDOWS\System32\bcryptPrimitives.dll
0x00007ffceb8a0000 - 0x00007ffceb8c5000 	C:\Program Files\Java\jdk-17\bin\java.dll
0x00007ffcb52c0000 - 0x00007ffcb5397000 	C:\Program Files\Java\jdk-17\bin\jsvml.dll
0x00007ffcf98a0000 - 0x00007ffcf9f96000 	C:\WINDOWS\System32\SHELL32.dll
0x00007ffcf6160000 - 0x00007ffcf6989000 	C:\WINDOWS\SYSTEM32\windows.storage.dll
0x00007ffcfa300000 - 0x00007ffcfa3d3000 	C:\WINDOWS\System32\SHCORE.dll
0x00007ffcf8e40000 - 0x00007ffcf8e9d000 	C:\WINDOWS\System32\shlwapi.dll
0x00007ffcf82f0000 - 0x00007ffcf8319000 	C:\WINDOWS\SYSTEM32\profapi.dll
0x00007ffceb850000 - 0x00007ffceb869000 	C:\Program Files\Java\jdk-17\bin\net.dll
0x00007ffceffc0000 - 0x00007ffcf00e6000 	C:\WINDOWS\SYSTEM32\WINHTTP.dll
0x00007ffcf7730000 - 0x00007ffcf7798000 	C:\WINDOWS\system32\mswsock.dll
0x00007ffcea9c0000 - 0x00007ffcea9d6000 	C:\Program Files\Java\jdk-17\bin\nio.dll
0x00007ffce8d00000 - 0x00007ffce8d18000 	C:\Program Files\Java\jdk-17\bin\zip.dll
0x00007ffcba110000 - 0x00007ffcba134000 	C:\Program Files\NetBeans-23\netbeans\java\maven\lib\jansi-native\Windows\x86_64\jansi.dll
0x00007ffcf0b80000 - 0x00007ffcf0b90000 	C:\Program Files\Java\jdk-17\bin\verify.dll

dbghelp: loaded successfully - version: 4.0.5 - missing functions: none
symbol engine: initialized successfully - sym options: 0x614 - pdb path: .;C:\Program Files\Java\jdk-17\bin;C:\WINDOWS\SYSTEM32;C:\WINDOWS\WinSxS\amd64_microsoft.windows.common-controls_6595b64144ccf1df_6.0.26100.1542_none_3e0a93dee33263f1;C:\Program Files\Java\jdk-17\bin\server;C:\Program Files\NetBeans-23\netbeans\java\maven\lib\jansi-native\Windows\x86_64

VM Arguments:
jvm_args: -Dclassworlds.conf=C:\Program Files\NetBeans-23\netbeans\java\maven\bin\m2.conf -Dmaven.home=C:\Program Files\NetBeans-23\netbeans\java\maven -Dlibrary.jansi.path=C:\Program Files\NetBeans-23\netbeans\java\maven\lib\jansi-native -Dmaven.multiModuleProjectDirectory=D:\quan_ly_kho_update\quan_ly_kho 
java_command: org.codehaus.plexus.classworlds.launcher.Launcher -Dexec.vmArgs=--enable-preview -Dexec.args=${exec.vmArgs} -classpath %classpath ${exec.mainClass} ${exec.appArgs} -Dexec.executable=C:\Program Files\Java\jdk-17\bin\java.exe -Dexec.mainClass=view.Login -Dexec.classpathScope=runtime -Dexec.appArgs= -Dmaven.ext.class.path=C:\Program Files\NetBeans-23\netbeans\java\maven-nblib\netbeans-eventspy.jar --no-transfer-progress process-classes org.codehaus.mojo:exec-maven-plugin:3.1.0:exec
java_class_path (initial): C:\Program Files\NetBeans-23\netbeans\java\maven\boot\plexus-classworlds-2.8.0.jar
Launcher Type: SUN_STANDARD

[Global flags]
     intx CICompilerCount                          = 4                                         {product} {ergonomic}
     uint ConcGCThreads                            = 2                                         {product} {ergonomic}
     uint G1ConcRefinementThreads                  = 8                                         {product} {ergonomic}
   size_t G1HeapRegionSize                         = 2097152                                   {product} {ergonomic}
    uintx GCDrainStackTargetSize                   = 64                                        {product} {ergonomic}
   size_t InitialHeapSize                          = 266338304                                 {product} {ergonomic}
   size_t MarkStackSize                            = 4194304                                   {product} {ergonomic}
   size_t MaxHeapSize                              = 4257218560                                {product} {ergonomic}
   size_t MaxNewSize                               = 2554331136                                {product} {ergonomic}
   size_t MinHeapDeltaBytes                        = 2097152                                   {product} {ergonomic}
   size_t MinHeapSize                              = 8388608                                   {product} {ergonomic}
    uintx NonNMethodCodeHeapSize                   = 5839372                                {pd product} {ergonomic}
    uintx NonProfiledCodeHeapSize                  = 122909434                              {pd product} {ergonomic}
    uintx ProfiledCodeHeapSize                     = 122909434                              {pd product} {ergonomic}
    uintx ReservedCodeCacheSize                    = 251658240                              {pd product} {ergonomic}
     bool SegmentedCodeCache                       = true                                      {product} {ergonomic}
   size_t SoftMaxHeapSize                          = 4257218560                             {manageable} {ergonomic}
     bool UseCompressedClassPointers               = true                           {product lp64_product} {ergonomic}
     bool UseCompressedOops                        = true                           {product lp64_product} {ergonomic}
     bool UseG1GC                                  = true                                      {product} {ergonomic}
     bool UseLargePagesIndividualAllocation        = false                                  {pd product} {ergonomic}

Logging:
Log output configuration:
 #0: stdout all=warning uptime,level,tags
 #1: stderr all=off uptime,level,tags

Environment Variables:
JAVA_HOME=C:\Program Files\Java\jdk-17
PATH=D:\VMWare\bin\;D:\app\dyly3\product\12.1.0\dbhome_3\bin;D:\app\dyly3\product\12.1.0\dbhome_2\bin;D:\app\dyly3\product\12.1.0\dbhome_1\bin;C:\Program Files\Common Files\Oracle\Java\javapath;C:\WINDOWS\system32;C:\WINDOWS;C:\WINDOWS\System32\Wbem;C:\WINDOWS\System32\WindowsPowerShell\v1.0\;C:\WINDOWS\System32\OpenSSH\;C:\Program Files\Microsoft SQL Server\Client SDK\ODBC\170\Tools\Binn\;C:\Program Files\Azure Data Studio\bin;C:\Program Files\dotnet\;C:\Program Files (x86)\Windows Kits\10\Windows Performance Toolkit\;C:\MinGW\bin;C:\Program Files\Docker\Docker\resources\bin;C:\xampp\php;C:\ProgramData\ComposerSetup\bin;E:\xampp\php;C:\Program Files\Git\cmd;C:\Program Files (x86)\Microsoft SQL Server\160\Tools\Binn\;C:\Program Files\Microsoft SQL Server\160\Tools\Binn\;C:\Program Files\Microsoft SQL Server\160\DTS\Binn\;C:\Program Files (x86)\Microsoft SQL Server\160\DTS\Binn\;C:\Program Files\nodejs\;C:\Users\dyly3\AppData\Local\Programs\Python\Python312\Scripts\;C:\Users\dyly3\AppData\Local\Programs\Python\Python312\;C:\Users\dyly3\AppData\Local\Programs\Python\Launcher\;E:\Ruby33-x64\bin;C:\Users\dyly3\.cargo\bin;C:\Users\dyly3\AppData\Local\pnpm;C:\Users\dyly3\AppData\Local\Microsoft\WindowsApps;C:\Program Files\Azure Data Studio\bin;C:\Users\dyly3\.dotnet\tools;C:\Users\dyly3\AppData\Local\Programs\Microsoft VS Code\bin;C:\msys64\mingw64\bin;C:\Program Files\JetBrains\PyCharm 2024.1.1\bin;C:\Users\dyly3\AppData\Local\JetBrains\Toolbox\scripts;C:\Users\dyly3\AppData\Roaming\Composer\vendor\bin;E:\IntelliJ IDEA 2024.2\bin;;C:\Users\dyly3\AppData\Local\Microsoft\WinGet\Links;D:\xampp\php;C:\Users\dyly3\AppData\Roaming\npm
USERNAME=dyly3
OS=Windows_NT
PROCESSOR_IDENTIFIER=Intel64 Family 6 Model 142 Stepping 12, GenuineIntel



---------------  S Y S T E M  ---------------

OS:
 Windows 11 , 64 bit Build 26100 (10.0.26100.1542)
OS uptime: 0 days 8:11 hours
Hyper-V role detected

CPU: total 8 (initial active 8) (4 cores per cpu, 2 threads per core) family 6 model 142 stepping 12 microcode 0xde, cx8, cmov, fxsr, ht, mmx, 3dnowpref, sse, sse2, sse3, ssse3, sse4.1, sse4.2, popcnt, lzcnt, tsc, tscinvbit, avx, avx2, aes, erms, clmul, bmi1, bmi2, adx, fma, vzeroupper, clflush, clflushopt, hv

Memory: 4k page, system-wide physical 16235M (6800M free)
TotalPageFile size 16795M (AvailPageFile size 14M)
current process WorkingSet (physical memory assigned to process): 338M, peak: 347M
current process commit charge ("private bytes"): 408M, peak: 422M

vm_info: Java HotSpot(TM) 64-Bit Server VM (17.0.12+8-LTS-286) for windows-amd64 JRE (17.0.12+8-LTS-286), built on Jun  5 2024 06:46:59 by "mach5one" with MS VC++ 17.6 (VS2022)

END.
